

Microchip MPLAB XC8 Assembler V2.45 build 20230818022343 
                                                                                               Thu Nov 20 13:14:25 2025

Microchip MPLAB XC8 C Compiler v2.45 (Free license) build 20230818022343 Og1 
     1                           	processor	18F4520
     2                           	fnconf	rparam,??,?,0
     3                           	pagewidth 120
     4                           	opt	flic
     5                           	psect	cinit,global,reloc=2,class=CODE,delta=1
     6                           	psect	cstackCOMRAM,global,class=COMRAM,space=1,delta=1,lowdata,noexec
     7                           	psect	text0,global,reloc=2,class=CODE,delta=1
     8                           	psect	text1,global,reloc=2,class=CODE,delta=1
     9                           	psect	text2,global,reloc=2,class=CODE,delta=1
    10                           	psect	intcode,global,reloc=2,class=CODE,delta=1
    11                           	psect	intcode_body,global,reloc=2,class=CODE,delta=1
    12                           	psect	text4,global,reloc=2,class=CODE,delta=1
    13                           	psect	smallconst,global,reloc=2,class=SMALLCONST,delta=1,noexec
    14                           	psect	intsave_regs,global,class=BIGRAM,space=1,delta=1,noexec
    15                           	psect	rparam,global,class=COMRAM,space=1,delta=1,noexec
    16                           	psect	temp,global,ovrld,common,class=COMRAM,space=1,delta=1
    17                           	psect	idloc,global,abs,ovrld,class=IDLOC,space=5,delta=1,noexec
    18                           	psect	config,global,abs,ovrld,class=CONFIG,space=4,delta=1,noexec
    19   000000                     
    20                           ; Generated 17/01/2025 GMT
    21                           ; 
    22                           ; Copyright © 2025, Microchip Technology Inc. and its subsidiaries ("Microchip")
    23                           ; All rights reserved.
    24                           ; 
    25                           ; This software is developed by Microchip Technology Inc. and its subsidiaries ("Microch
      +                          ip").
    26                           ; 
    27                           ; Redistribution and use in source and binary forms, with or without modification, are
    28                           ; permitted provided that the following conditions are met:
    29                           ; 
    30                           ;     1. Redistributions of source code must retain the above copyright notice, this lis
      +                          t of
    31                           ;        conditions and the following disclaimer.
    32                           ; 
    33                           ;     2. Redistributions in binary form must reproduce the above copyright notice, this 
      +                          list
    34                           ;        of conditions and the following disclaimer in the documentation and/or other
    35                           ;        materials provided with the distribution. Publication is not required when
    36                           ;        this file is used in an embedded application.
    37                           ; 
    38                           ;     3. Microchip's name may not be used to endorse or promote products derived from th
      +                          is
    39                           ;        software without specific prior written permission.
    40                           ; 
    41                           ; THIS SOFTWARE IS PROVIDED BY MICROCHIP "AS IS" AND ANY EXPRESS OR IMPLIED WARRANTIES,
    42                           ; INCLUDING, BUT NOT LIMITED TO, THE IMPLIED WARRANTIES OF MERCHANTABILITY AND FITNESS F
      +                          OR
    43                           ; PURPOSE ARE DISCLAIMED.  IN NO EVENT SHALL MICROCHIP BE LIABLE FOR ANY DIRECT, INDIREC
      +                          T,
    44                           ; INCIDENTAL, SPECIAL, EXEMPLARY, OR CONSEQUENTIAL DAMAGES (INCLUDING BUT NOT LIMITED TO
    45                           ; PROCUREMENT OF SUBSTITUTE GOODS OR SERVICES; LOSS OF USE, DATA OR PROFITS; OR BUSINESS
    46                           ; INTERRUPTION) HOWSOEVER CAUSED AND ON ANY THEORY OF LIABILITY, WHETHER IN CONTRACT, ST
      +                          RICT
    47                           ; LIABILITY, OR TORT (INCLUDING NEGLIGENCE OR OTHERWISE) ARISING IN ANY WAY OUT OF THE U
      +                          SE OF
    48                           ; THIS SOFTWARE, EVEN IF ADVISED OF THE POSSIBILITY OF SUCH DAMAGE.
    49                           ; 
    50                           ; 
    51                           ; Code-generator required, PIC18F4520 Definitions
    52                           ; 
    53                           ; SFR Addresses
    54   000000                     _ADRESL	set	4035
    55   000000                     _ADRESH	set	4036
    56   000000                     _ADCON0bits	set	4034
    57   000000                     _LATC	set	3979
    58   000000                     _TRISC	set	3988
    59   000000                     _PIR1bits	set	3998
    60   000000                     _PIE1bits	set	3997
    61   000000                     _CCP1CONbits	set	4029
    62   000000                     _CCPR1L	set	4030
    63   000000                     _INTCONbits	set	4082
    64   000000                     _ADCON2bits	set	4032
    65   000000                     _ADCON1bits	set	4033
    66   000000                     _T2CONbits	set	4042
    67   000000                     _PR2	set	4043
    68   000000                     _OSCCONbits	set	4051
    69   000000                     _TRISAbits	set	3986
    70                           
    71                           ; #config settings
    72                           
    73                           	psect	cinit
    74   0006FA                     __pcinit:
    75                           	callstack 0
    76   0006FA                     start_initialization:
    77                           	callstack 0
    78   0006FA                     __initialization:
    79                           	callstack 0
    80   0006FA                     end_of_initialization:
    81                           	callstack 0
    82   0006FA                     __end_of__initialization:
    83                           	callstack 0
    84   0006FA  9009               	bcf	int$flags,0,c	;clear compiler interrupt flag (level 1)
    85   0006FC  9209               	bcf	int$flags,1,c	;clear compiler interrupt flag (level 2)
    86   0006FE  0100               	movlb	0
    87   000700  EF75  F003         	goto	_main	;jump to C main() function
    88                           
    89                           	psect	cstackCOMRAM
    90   000001                     __pcstackCOMRAM:
    91                           	callstack 0
    92   000001                     set_LED_brightness@duty:
    93                           	callstack 0
    94                           
    95                           ; 2 bytes @ 0x0
    96   000001                     	ds	2
    97   000003                     ??_set_LED_brightness:
    98                           
    99                           ; 1 bytes @ 0x2
   100   000003                     	ds	2
   101   000005                     ??_H_ISR:
   102                           
   103                           ; 1 bytes @ 0x4
   104   000005                     	ds	2
   105   000007                     H_ISR@value:
   106                           	callstack 0
   107                           
   108                           ; 2 bytes @ 0x6
   109   000007                     	ds	2
   110   000009                     
   111                           ; 1 bytes @ 0x8
   112 ;;
   113 ;;Main: autosize = 0, tempsize = 0, incstack = 0, save=0
   114 ;;
   115 ;; *************** function _main *****************
   116 ;; Defined at:
   117 ;;		line 88 in file "hard.c"
   118 ;; Parameters:    Size  Location     Type
   119 ;;		None
   120 ;; Auto vars:     Size  Location     Type
   121 ;;		None
   122 ;; Return value:  Size  Location     Type
   123 ;;                  1    wreg      void 
   124 ;; Registers used:
   125 ;;		wreg, status,2, cstack
   126 ;; Tracked objects:
   127 ;;		On entry : 0/0
   128 ;;		On exit  : 0/0
   129 ;;		Unchanged: 0/0
   130 ;; Data sizes:     COMRAM   BANK0   BANK1   BANK2   BANK3   BANK4   BANK5
   131 ;;      Params:         0       0       0       0       0       0       0
   132 ;;      Locals:         0       0       0       0       0       0       0
   133 ;;      Temps:          0       0       0       0       0       0       0
   134 ;;      Totals:         0       0       0       0       0       0       0
   135 ;;Total ram usage:        0 bytes
   136 ;; Hardware stack levels required when called: 3
   137 ;; This function calls:
   138 ;;		_ADC_Init
   139 ;;		_PWM_Init
   140 ;; This function is called by:
   141 ;;		Startup code after reset
   142 ;; This function uses a non-reentrant model
   143 ;;
   144                           
   145                           	psect	text0
   146   0006EA                     __ptext0:
   147                           	callstack 0
   148   0006EA                     _main:
   149                           	callstack 28
   150   0006EA  EC61  F003         	call	_PWM_Init	;wreg free
   151   0006EE  EC2B  F003         	call	_ADC_Init	;wreg free
   152   0006F2                     l54:
   153   0006F2  EF79  F003         	goto	l54
   154   0006F6  EF07  F000         	goto	start
   155   0006FA                     __end_of_main:
   156                           	callstack 0
   157                           
   158 ;; *************** function _PWM_Init *****************
   159 ;; Defined at:
   160 ;;		line 20 in file "hard.c"
   161 ;; Parameters:    Size  Location     Type
   162 ;;		None
   163 ;; Auto vars:     Size  Location     Type
   164 ;;		None
   165 ;; Return value:  Size  Location     Type
   166 ;;                  1    wreg      void 
   167 ;; Registers used:
   168 ;;		wreg, status,2
   169 ;; Tracked objects:
   170 ;;		On entry : 0/0
   171 ;;		On exit  : 0/0
   172 ;;		Unchanged: 0/0
   173 ;; Data sizes:     COMRAM   BANK0   BANK1   BANK2   BANK3   BANK4   BANK5
   174 ;;      Params:         0       0       0       0       0       0       0
   175 ;;      Locals:         0       0       0       0       0       0       0
   176 ;;      Temps:          0       0       0       0       0       0       0
   177 ;;      Totals:         0       0       0       0       0       0       0
   178 ;;Total ram usage:        0 bytes
   179 ;; Hardware stack levels used: 1
   180 ;; Hardware stack levels required when called: 2
   181 ;; This function calls:
   182 ;;		Nothing
   183 ;; This function is called by:
   184 ;;		_main
   185 ;; This function uses a non-reentrant model
   186 ;;
   187                           
   188                           	psect	text1
   189   0006C2                     __ptext1:
   190                           	callstack 0
   191   0006C2                     _PWM_Init:
   192                           	callstack 28
   193   0006C2                     
   194                           ;hard.c: 22: 
   195   0006C2  84CA               	bsf	202,2,c	;volatile
   196   0006C4                     
   197                           ;hard.c: 23:     PR2 = 0x9b;
   198   0006C4  50CA               	movf	202,w,c	;volatile
   199   0006C6  0BFC               	andlw	-4
   200   0006C8  0901               	iorlw	1
   201   0006CA  6ECA               	movwf	202,c	;volatile
   202                           
   203                           ;hard.c: 26: void ADC_Init(){
   204   0006CC  50D3               	movf	211,w,c	;volatile
   205   0006CE  0B8F               	andlw	-113
   206   0006D0  0910               	iorlw	16
   207   0006D2  6ED3               	movwf	211,c	;volatile
   208                           
   209                           ;hard.c: 29:     ADCON1bits.PCFG = 0b1110;
   210   0006D4  50BD               	movf	189,w,c	;volatile
   211   0006D6  0BF0               	andlw	-16
   212   0006D8  090C               	iorlw	12
   213   0006DA  6EBD               	movwf	189,c	;volatile
   214                           
   215                           ;hard.c: 32: 
   216   0006DC  0E00               	movlw	0
   217   0006DE  6E94               	movwf	148,c	;volatile
   218                           
   219                           ;hard.c: 33:     TRISC = 0;
   220   0006E0  0E00               	movlw	0
   221   0006E2  6E8B               	movwf	139,c	;volatile
   222                           
   223                           ;hard.c: 36: 
   224   0006E4  0E9B               	movlw	155
   225   0006E6  6ECB               	movwf	203,c	;volatile
   226   0006E8  0012               	return		;funcret
   227   0006EA                     __end_of_PWM_Init:
   228                           	callstack 0
   229                           
   230 ;; *************** function _ADC_Init *****************
   231 ;; Defined at:
   232 ;;		line 39 in file "hard.c"
   233 ;; Parameters:    Size  Location     Type
   234 ;;		None
   235 ;; Auto vars:     Size  Location     Type
   236 ;;		None
   237 ;; Return value:  Size  Location     Type
   238 ;;                  1    wreg      void 
   239 ;; Registers used:
   240 ;;		wreg, status,2
   241 ;; Tracked objects:
   242 ;;		On entry : 0/0
   243 ;;		On exit  : 0/0
   244 ;;		Unchanged: 0/0
   245 ;; Data sizes:     COMRAM   BANK0   BANK1   BANK2   BANK3   BANK4   BANK5
   246 ;;      Params:         0       0       0       0       0       0       0
   247 ;;      Locals:         0       0       0       0       0       0       0
   248 ;;      Temps:          0       0       0       0       0       0       0
   249 ;;      Totals:         0       0       0       0       0       0       0
   250 ;;Total ram usage:        0 bytes
   251 ;; Hardware stack levels used: 1
   252 ;; Hardware stack levels required when called: 2
   253 ;; This function calls:
   254 ;;		Nothing
   255 ;; This function is called by:
   256 ;;		_main
   257 ;; This function uses a non-reentrant model
   258 ;;
   259                           
   260                           	psect	text2
   261   000656                     __ptext2:
   262                           	callstack 0
   263   000656                     _ADC_Init:
   264                           	callstack 28
   265   000656                     
   266                           ;hard.c: 41:     ADCON1bits.VCFG1 = 0;
   267   000656  8092               	bsf	146,0,c	;volatile
   268   000658                     
   269                           ;hard.c: 42:     ADCON2bits.ADCS = 0b000;
   270   000658  50C1               	movf	193,w,c	;volatile
   271   00065A  0BF0               	andlw	-16
   272   00065C  090E               	iorlw	14
   273   00065E  6EC1               	movwf	193,c	;volatile
   274                           
   275                           ;hard.c: 43:     ADCON2bits.ACQT = 0b001;
   276   000660  0EC3               	movlw	-61
   277   000662  16C2               	andwf	194,f,c	;volatile
   278                           
   279                           ;hard.c: 46: 
   280   000664  0E00               	movlw	0
   281   000666  6E94               	movwf	148,c	;volatile
   282                           
   283                           ;hard.c: 47: 
   284   000668  0E00               	movlw	0
   285   00066A  6E8B               	movwf	139,c	;volatile
   286                           
   287                           ;hard.c: 50:     INTCONbits.PEIE = 1;
   288   00066C  50D3               	movf	211,w,c	;volatile
   289   00066E  0B8F               	andlw	-113
   290   000670  0940               	iorlw	64
   291   000672  6ED3               	movwf	211,c	;volatile
   292   000674                     
   293                           ;hard.c: 53: 
   294   000674  98C1               	bcf	193,4,c	;volatile
   295   000676                     
   296                           ;hard.c: 54:     ADCON0bits.GO = 1;
   297   000676  9AC1               	bcf	193,5,c	;volatile
   298                           
   299                           ;hard.c: 55: }
   300   000678  0EF8               	movlw	-8
   301   00067A  16C0               	andwf	192,f,c	;volatile
   302                           
   303                           ;hard.c: 56: 
   304   00067C  50C0               	movf	192,w,c	;volatile
   305   00067E  0BC7               	andlw	-57
   306   000680  0908               	iorlw	8
   307   000682  6EC0               	movwf	192,c	;volatile
   308   000684                     
   309                           ;hard.c: 57: void __attribute__((picinterrupt(("high_priority")))) H_ISR() {
   310   000684  80C2               	bsf	194,0,c	;volatile
   311   000686                     
   312                           ;hard.c: 58: 
   313   000686  8EC0               	bsf	192,7,c	;volatile
   314   000688                     
   315                           ;hard.c: 61: 
   316   000688  8C9D               	bsf	157,6,c	;volatile
   317   00068A                     
   318                           ;hard.c: 62:     if(value < ((1 << 10) - 1)/2) value = value * 2;
   319   00068A  9C9E               	bcf	158,6,c	;volatile
   320   00068C                     
   321                           ;hard.c: 63: 
   322   00068C  8CF2               	bsf	242,6,c	;volatile
   323   00068E                     
   324                           ;hard.c: 64: 
   325   00068E  8EF2               	bsf	242,7,c	;volatile
   326   000690                     
   327                           ;hard.c: 67: 
   328   000690  82C2               	bsf	194,1,c	;volatile
   329   000692  0012               	return		;funcret
   330   000694                     __end_of_ADC_Init:
   331                           	callstack 0
   332                           
   333 ;; *************** function _H_ISR *****************
   334 ;; Defined at:
   335 ;;		line 70 in file "hard.c"
   336 ;; Parameters:    Size  Location     Type
   337 ;;		None
   338 ;; Auto vars:     Size  Location     Type
   339 ;;  value           2    6[COMRAM] int 
   340 ;; Return value:  Size  Location     Type
   341 ;;                  1    wreg      void 
   342 ;; Registers used:
   343 ;;		wreg, status,2, status,0, cstack
   344 ;; Tracked objects:
   345 ;;		On entry : 0/0
   346 ;;		On exit  : 0/0
   347 ;;		Unchanged: 0/0
   348 ;; Data sizes:     COMRAM   BANK0   BANK1   BANK2   BANK3   BANK4   BANK5
   349 ;;      Params:         0       0       0       0       0       0       0
   350 ;;      Locals:         2       0       0       0       0       0       0
   351 ;;      Temps:          2       0       0       0       0       0       0
   352 ;;      Totals:         4       0       0       0       0       0       0
   353 ;;Total ram usage:        4 bytes
   354 ;; Hardware stack levels used: 1
   355 ;; Hardware stack levels required when called: 1
   356 ;; This function calls:
   357 ;;		_set_LED_brightness
   358 ;; This function is called by:
   359 ;;		Interrupt level 2
   360 ;; This function uses a non-reentrant model
   361 ;;
   362                           
   363                           	psect	intcode
   364   000008                     __pintcode:
   365                           	callstack 0
   366   000008                     _H_ISR:
   367                           	callstack 28
   368                           
   369                           ;incstack = 0
   370   000008  8209               	bsf	int$flags,1,c	;set compiler interrupt flag (level 2)
   371   00000A  ED01  F003         	call	int_func,f	;refresh shadow registers
   372                           
   373                           	psect	intcode_body
   374   000602                     __pintcode_body:
   375                           	callstack 28
   376   000602                     int_func:
   377                           	callstack 28
   378   000602  0006               	pop		; remove dummy address from shadow register refresh
   379   000604                     
   380                           ;hard.c: 72:     ADCON0bits.GO = 1;
   381   000604  50C4               	movf	196,w,c	;volatile
   382   000606  6E06               	movwf	(??_H_ISR+1)^0,c
   383   000608  6A05               	clrf	??_H_ISR^0,c
   384   00060A  50C3               	movf	195,w,c	;volatile
   385   00060C  2405               	addwf	??_H_ISR^0,w,c
   386   00060E  6E07               	movwf	H_ISR@value^0,c
   387   000610  0E00               	movlw	0
   388   000612  2006               	addwfc	(??_H_ISR+1)^0,w,c
   389   000614  6E08               	movwf	(H_ISR@value+1)^0,c
   390                           
   391                           ;hard.c: 75: void main(void)
   392   000616  BE08               	btfsc	(H_ISR@value+1)^0,7,c
   393   000618  EF18  F003         	goto	i2u2_40
   394   00061C  2807               	incf	H_ISR@value^0,w,c
   395   00061E  0E01               	movlw	1
   396   000620  5808               	subwfb	(H_ISR@value+1)^0,w,c
   397   000622  B0D8               	btfsc	status,0,c
   398   000624  EF16  F003         	goto	i2u2_41
   399   000628  EF18  F003         	goto	i2u2_40
   400   00062C                     i2u2_41:
   401   00062C  EF1D  F003         	goto	i2l781
   402   000630                     i2u2_40:
   403   000630  90D8               	bcf	status,0,c
   404   000632  3407               	rlcf	H_ISR@value^0,w,c
   405   000634  6E07               	movwf	H_ISR@value^0,c
   406   000636  3408               	rlcf	(H_ISR@value+1)^0,w,c
   407   000638  6E08               	movwf	(H_ISR@value+1)^0,c
   408   00063A                     i2l781:
   409                           
   410                           ;hard.c: 78:     ADC_Init();
   411   00063A  C007  F001         	movff	H_ISR@value,set_LED_brightness@duty
   412   00063E  C008  F002         	movff	H_ISR@value+1,set_LED_brightness@duty+1
   413   000642  EC4A  F003         	call	_set_LED_brightness	;wreg free
   414   000646                     
   415                           ;hard.c: 81:     return;
   416   000646  9C9E               	bcf	158,6,c	;volatile
   417   000648  0EFA               	movlw	250
   418   00064A                     i2u3_47:
   419   00064A  D000               	nop2	
   420   00064C  2EE8               	decfsz	wreg,f,c
   421   00064E  D7FD               	bra	i2u3_47
   422   000650  82C2               	bsf	194,1,c	;volatile
   423   000652  9209               	bcf	int$flags,1,c	;clear compiler interrupt flag (level 2)
   424   000654  0011               	retfie		f
   425   000656                     __end_of_H_ISR:
   426                           	callstack 0
   427                           
   428 ;; *************** function _set_LED_brightness *****************
   429 ;; Defined at:
   430 ;;		line 15 in file "hard.c"
   431 ;; Parameters:    Size  Location     Type
   432 ;;  duty            2    0[COMRAM] int 
   433 ;; Auto vars:     Size  Location     Type
   434 ;;		None
   435 ;; Return value:  Size  Location     Type
   436 ;;                  1    wreg      void 
   437 ;; Registers used:
   438 ;;		wreg, status,2, status,0
   439 ;; Tracked objects:
   440 ;;		On entry : 0/0
   441 ;;		On exit  : 0/0
   442 ;;		Unchanged: 0/0
   443 ;; Data sizes:     COMRAM   BANK0   BANK1   BANK2   BANK3   BANK4   BANK5
   444 ;;      Params:         2       0       0       0       0       0       0
   445 ;;      Locals:         0       0       0       0       0       0       0
   446 ;;      Temps:          2       0       0       0       0       0       0
   447 ;;      Totals:         4       0       0       0       0       0       0
   448 ;;Total ram usage:        4 bytes
   449 ;; Hardware stack levels used: 1
   450 ;; This function calls:
   451 ;;		Nothing
   452 ;; This function is called by:
   453 ;;		_H_ISR
   454 ;; This function uses a non-reentrant model
   455 ;;
   456                           
   457                           	psect	text4
   458   000694                     __ptext4:
   459                           	callstack 0
   460   000694                     _set_LED_brightness:
   461                           	callstack 28
   462   000694                     
   463                           ;hard.c: 16:     CCP1CONbits.CCP1M = 0b1100;
   464   000694  C001  F003         	movff	set_LED_brightness@duty,??_set_LED_brightness
   465   000698  C002  F004         	movff	set_LED_brightness@duty+1,??_set_LED_brightness+1
   466   00069C  3404               	rlcf	(??_set_LED_brightness+1)^0,w,c
   467   00069E  3204               	rrcf	(??_set_LED_brightness+1)^0,f,c
   468   0006A0  3203               	rrcf	??_set_LED_brightness^0,f,c
   469   0006A2  3404               	rlcf	(??_set_LED_brightness+1)^0,w,c
   470   0006A4  3204               	rrcf	(??_set_LED_brightness+1)^0,f,c
   471   0006A6  3203               	rrcf	??_set_LED_brightness^0,f,c
   472   0006A8  5003               	movf	??_set_LED_brightness^0,w,c
   473   0006AA  6EBE               	movwf	190,c	;volatile
   474                           
   475                           ;hard.c: 17: 
   476   0006AC  C001  F003         	movff	set_LED_brightness@duty,??_set_LED_brightness
   477   0006B0  0E03               	movlw	3
   478   0006B2  1603               	andwf	??_set_LED_brightness^0,f,c
   479   0006B4  3A03               	swapf	??_set_LED_brightness^0,f,c
   480   0006B6  50BD               	movf	189,w,c	;volatile
   481   0006B8  1803               	xorwf	??_set_LED_brightness^0,w,c
   482   0006BA  0BCF               	andlw	-49
   483   0006BC  1803               	xorwf	??_set_LED_brightness^0,w,c
   484   0006BE  6EBD               	movwf	189,c	;volatile
   485   0006C0  0012               	return		;funcret
   486   0006C2                     __end_of_set_LED_brightness:
   487                           	callstack 0
   488                           
   489                           	psect	smallconst
   490   000600                     __psmallconst:
   491                           	callstack 0
   492   000600  00                 	db	0
   493   000601  00                 	db	0	; dummy byte at the end
   494   000000                     
   495                           	psect	rparam
   496   000000                     
   497                           	psect	temp
   498   000009                     btemp:
   499                           	callstack 0
   500   000009                     	ds	1
   501   000000                     int$flags	set	btemp
   502   000000                     wtemp8	set	btemp+1
   503   000000                     ttemp5	set	btemp+1
   504   000000                     ttemp6	set	btemp+4
   505   000000                     ttemp7	set	btemp+8
   506                           
   507                           	psect	idloc
   508                           
   509                           ;Config register IDLOC0 @ 0x200000
   510                           ;	unspecified, using default values
   511   200000                     	org	2097152
   512   200000  FF                 	db	255
   513                           
   514                           ;Config register IDLOC1 @ 0x200001
   515                           ;	unspecified, using default values
   516   200001                     	org	2097153
   517   200001  FF                 	db	255
   518                           
   519                           ;Config register IDLOC2 @ 0x200002
   520                           ;	unspecified, using default values
   521   200002                     	org	2097154
   522   200002  FF                 	db	255
   523                           
   524                           ;Config register IDLOC3 @ 0x200003
   525                           ;	unspecified, using default values
   526   200003                     	org	2097155
   527   200003  FF                 	db	255
   528                           
   529                           ;Config register IDLOC4 @ 0x200004
   530                           ;	unspecified, using default values
   531   200004                     	org	2097156
   532   200004  FF                 	db	255
   533                           
   534                           ;Config register IDLOC5 @ 0x200005
   535                           ;	unspecified, using default values
   536   200005                     	org	2097157
   537   200005  FF                 	db	255
   538                           
   539                           ;Config register IDLOC6 @ 0x200006
   540                           ;	unspecified, using default values
   541   200006                     	org	2097158
   542   200006  FF                 	db	255
   543                           
   544                           ;Config register IDLOC7 @ 0x200007
   545                           ;	unspecified, using default values
   546   200007                     	org	2097159
   547   200007  FF                 	db	255
   548                           
   549                           	psect	config
   550                           
   551                           ; Padding undefined space
   552   300000                     	org	3145728
   553   300000  FF                 	db	255
   554                           
   555                           ;Config register CONFIG1H @ 0x300001
   556                           ;	Oscillator Selection bits
   557                           ;	OSC = INTIO67, Internal oscillator block, port function on RA6 and RA7
   558                           ;	Fail-Safe Clock Monitor Enable bit
   559                           ;	FCMEN = 0x0, unprogrammed default
   560                           ;	Internal/External Oscillator Switchover bit
   561                           ;	IESO = 0x0, unprogrammed default
   562   300001                     	org	3145729
   563   300001  08                 	db	8
   564                           
   565                           ;Config register CONFIG2L @ 0x300002
   566                           ;	Power-up Timer Enable bit
   567                           ;	PWRT = OFF, PWRT disabled
   568                           ;	Brown-out Reset Enable bits
   569                           ;	BOREN = ON, Brown-out Reset enabled and controlled by software (SBOREN is enabled)
   570                           ;	Brown Out Reset Voltage bits
   571                           ;	BORV = 0x3, unprogrammed default
   572   300002                     	org	3145730
   573   300002  1B                 	db	27
   574                           
   575                           ;Config register CONFIG2H @ 0x300003
   576                           ;	Watchdog Timer Enable bit
   577                           ;	WDT = OFF, WDT disabled (control is placed on the SWDTEN bit)
   578                           ;	Watchdog Timer Postscale Select bits
   579                           ;	WDTPS = 0xF, unprogrammed default
   580   300003                     	org	3145731
   581   300003  1E                 	db	30
   582                           
   583                           ; Padding undefined space
   584   300004                     	org	3145732
   585   300004  FF                 	db	255
   586                           
   587                           ;Config register CONFIG3H @ 0x300005
   588                           ;	CCP2 MUX bit
   589                           ;	CCP2MX = 0x1, unprogrammed default
   590                           ;	PORTB A/D Enable bit
   591                           ;	PBADEN = OFF, PORTB<4:0> pins are configured as digital I/O on Reset
   592                           ;	Low-Power Timer1 Oscillator Enable bit
   593                           ;	LPT1OSC = 0x0, unprogrammed default
   594                           ;	MCLR Pin Enable bit
   595                           ;	MCLRE = 0x1, unprogrammed default
   596   300005                     	org	3145733
   597   300005  81                 	db	129
   598                           
   599                           ;Config register CONFIG4L @ 0x300006
   600                           ;	Stack Full/Underflow Reset Enable bit
   601                           ;	STVREN = 0x1, unprogrammed default
   602                           ;	Single-Supply ICSP Enable bit
   603                           ;	LVP = OFF, Single-Supply ICSP disabled
   604                           ;	Extended Instruction Set Enable bit
   605                           ;	XINST = 0x0, unprogrammed default
   606                           ;	Background Debugger Enable bit
   607                           ;	DEBUG = 0x1, unprogrammed default
   608   300006                     	org	3145734
   609   300006  81                 	db	129
   610                           
   611                           ; Padding undefined space
   612   300007                     	org	3145735
   613   300007  FF                 	db	255
   614                           
   615                           ;Config register CONFIG5L @ 0x300008
   616                           ;	unspecified, using default values
   617                           ;	Code Protection bit
   618                           ;	CP0 = 0x1, unprogrammed default
   619                           ;	Code Protection bit
   620                           ;	CP1 = 0x1, unprogrammed default
   621                           ;	Code Protection bit
   622                           ;	CP2 = 0x1, unprogrammed default
   623                           ;	Code Protection bit
   624                           ;	CP3 = 0x1, unprogrammed default
   625   300008                     	org	3145736
   626   300008  0F                 	db	15
   627                           
   628                           ;Config register CONFIG5H @ 0x300009
   629                           ;	Boot Block Code Protection bit
   630                           ;	CPB = 0x1, unprogrammed default
   631                           ;	Data EEPROM Code Protection bit
   632                           ;	CPD = OFF, Data EEPROM not code-protected
   633   300009                     	org	3145737
   634   300009  C0                 	db	192
   635                           
   636                           ;Config register CONFIG6L @ 0x30000A
   637                           ;	unspecified, using default values
   638                           ;	Write Protection bit
   639                           ;	WRT0 = 0x1, unprogrammed default
   640                           ;	Write Protection bit
   641                           ;	WRT1 = 0x1, unprogrammed default
   642                           ;	Write Protection bit
   643                           ;	WRT2 = 0x1, unprogrammed default
   644                           ;	Write Protection bit
   645                           ;	WRT3 = 0x1, unprogrammed default
   646   30000A                     	org	3145738
   647   30000A  0F                 	db	15
   648                           
   649                           ;Config register CONFIG6H @ 0x30000B
   650                           ;	unspecified, using default values
   651                           ;	Configuration Register Write Protection bit
   652                           ;	WRTC = 0x1, unprogrammed default
   653                           ;	Boot Block Write Protection bit
   654                           ;	WRTB = 0x1, unprogrammed default
   655                           ;	Data EEPROM Write Protection bit
   656                           ;	WRTD = 0x1, unprogrammed default
   657   30000B                     	org	3145739
   658   30000B  E0                 	db	224
   659                           
   660                           ;Config register CONFIG7L @ 0x30000C
   661                           ;	unspecified, using default values
   662                           ;	Table Read Protection bit
   663                           ;	EBTR0 = 0x1, unprogrammed default
   664                           ;	Table Read Protection bit
   665                           ;	EBTR1 = 0x1, unprogrammed default
   666                           ;	Table Read Protection bit
   667                           ;	EBTR2 = 0x1, unprogrammed default
   668                           ;	Table Read Protection bit
   669                           ;	EBTR3 = 0x1, unprogrammed default
   670   30000C                     	org	3145740
   671   30000C  0F                 	db	15
   672                           
   673                           ;Config register CONFIG7H @ 0x30000D
   674                           ;	unspecified, using default values
   675                           ;	Boot Block Table Read Protection bit
   676                           ;	EBTRB = 0x1, unprogrammed default
   677   30000D                     	org	3145741
   678   30000D  40                 	db	64
   679                           tosu	equ	0xFFF
   680                           tosh	equ	0xFFE
   681                           tosl	equ	0xFFD
   682                           stkptr	equ	0xFFC
   683                           pclatu	equ	0xFFB
   684                           pclath	equ	0xFFA
   685                           pcl	equ	0xFF9
   686                           tblptru	equ	0xFF8
   687                           tblptrh	equ	0xFF7
   688                           tblptrl	equ	0xFF6
   689                           tablat	equ	0xFF5
   690                           prodh	equ	0xFF4
   691                           prodl	equ	0xFF3
   692                           indf0	equ	0xFEF
   693                           postinc0	equ	0xFEE
   694                           postdec0	equ	0xFED
   695                           preinc0	equ	0xFEC
   696                           plusw0	equ	0xFEB
   697                           fsr0h	equ	0xFEA
   698                           fsr0l	equ	0xFE9
   699                           wreg	equ	0xFE8
   700                           indf1	equ	0xFE7
   701                           postinc1	equ	0xFE6
   702                           postdec1	equ	0xFE5
   703                           preinc1	equ	0xFE4
   704                           plusw1	equ	0xFE3
   705                           fsr1h	equ	0xFE2
   706                           fsr1l	equ	0xFE1
   707                           bsr	equ	0xFE0
   708                           indf2	equ	0xFDF
   709                           postinc2	equ	0xFDE
   710                           postdec2	equ	0xFDD
   711                           preinc2	equ	0xFDC
   712                           plusw2	equ	0xFDB
   713                           fsr2h	equ	0xFDA
   714                           fsr2l	equ	0xFD9
   715                           status	equ	0xFD8

Data Sizes:
    Strings     0
    Constant    0
    Data        0
    BSS         0
    Persistent  0
    Stack       0

Auto Spaces:
    Space          Size  Autos    Used
    COMRAM          126      8       8
    BANK0           128      0       0
    BANK1           256      0       0
    BANK2           256      0       0
    BANK3           256      0       0
    BANK4           256      0       0
    BANK5           244      0       0

Pointer List with Targets:

    None.

Critical Paths under _main in COMRAM

    None.

Critical Paths under _H_ISR in COMRAM

    _H_ISR->_set_LED_brightness

Critical Paths under _main in BANK0

    None.

Critical Paths under _H_ISR in BANK0

    None.

Critical Paths under _main in BANK1

    None.

Critical Paths under _H_ISR in BANK1

    None.

Critical Paths under _main in BANK2

    None.

Critical Paths under _H_ISR in BANK2

    None.

Critical Paths under _main in BANK3

    None.

Critical Paths under _H_ISR in BANK3

    None.

Critical Paths under _main in BANK4

    None.

Critical Paths under _H_ISR in BANK4

    None.

Critical Paths under _main in BANK5

    None.

Critical Paths under _H_ISR in BANK5

    None.

Call Graph Tables:

 ---------------------------------------------------------------------------------
 (Depth) Function   	        Calls       Base Space   Used Autos Params    Refs
 ---------------------------------------------------------------------------------
 (0) _main                                                 0     0      0       0
                           _ADC_Init
                           _PWM_Init
 ---------------------------------------------------------------------------------
 (1) _PWM_Init                                             0     0      0       0
 ---------------------------------------------------------------------------------
 (1) _ADC_Init                                             0     0      0       0
 ---------------------------------------------------------------------------------
 Estimated maximum stack depth 1
 ---------------------------------------------------------------------------------
 (Depth) Function   	        Calls       Base Space   Used Autos Params    Refs
 ---------------------------------------------------------------------------------
 (2) _H_ISR                                                4     4      0     188
                                              4 COMRAM     4     4      0
                 _set_LED_brightness
 ---------------------------------------------------------------------------------
 (3) _set_LED_brightness                                   4     2      2     120
                                              0 COMRAM     4     2      2
 ---------------------------------------------------------------------------------
 Estimated maximum stack depth 3
 ---------------------------------------------------------------------------------

 Call Graph Graphs:

 _main (ROOT)
   _ADC_Init
   _PWM_Init

 _H_ISR (ROOT)
   _set_LED_brightness

 Address spaces:
Name               Size   Autos  Total    Cost      Usage
BITCOMRAM           7E      0       0       0        0.0%
EEDATA             100      0       0       0        0.0%
NULL                 0      0       0       0        0.0%
CODE                 0      0       0       0        0.0%
COMRAM              7E      8       8       1        6.3%
STACK                0      0       0       2        0.0%
BITBANK0            80      0       0       3        0.0%
BANK0               80      0       0       4        0.0%
BITBANK1           100      0       0       5        0.0%
BANK1              100      0       0       6        0.0%
BITBANK2           100      0       0       7        0.0%
BANK2              100      0       0       8        0.0%
BITBANK3           100      0       0       9        0.0%
BANK3              100      0       0      10        0.0%
BITBANK4           100      0       0      11        0.0%
BANK4              100      0       0      12        0.0%
BITBANK5            F4      0       0      13        0.0%
BANK5               F4      0       0      14        0.0%
BITBIGSFR_5h         A      0       0      15        0.0%
BITBIGSFR_5l         2      0       0      16        0.0%
BITBIGSFR_4          3      0       0      17        0.0%
BITBIGSFR_3          3      0       0      18        0.0%
BITBIGSFR_2          6      0       0      19        0.0%
BITBIGSFR_1hh        7      0       0      20        0.0%
BITBIGSFR_1hlhh      5      0       0      21        0.0%
BITBIGSFR_1hll       1      0       0      22        0.0%
BITBIGSFR_1l        1E      0       0      23        0.0%
BITBIGSFRh           7      0       0      24        0.0%
BITBIGSFRlhh         1      0       0      25        0.0%
BITBIGSFRlhl         6      0       0      26        0.0%
BITBIGSFRll          B      0       0      27        0.0%
ABS                  0      0       0      28        0.0%
BIGRAM             5F3      0       0      29        0.0%
DATA                 0      0       0      30        0.0%
BIGSFR_5             0      0       0     200        0.0%
BIGSFR_4             0      0       0     200        0.0%
BIGSFR_3             0      0       0     200        0.0%
BIGSFR_2             0      0       0     200        0.0%
BIGSFR_1             0      0       0     200        0.0%
BIGSFR               0      0       0     200        0.0%
BITSFR_5             0      0       0     200        0.0%
SFR_5                0      0       0     200        0.0%
BITSFR_4             0      0       0     200        0.0%
SFR_4                0      0       0     200        0.0%
BITSFR_3             0      0       0     200        0.0%
SFR_3                0      0       0     200        0.0%
BITSFR_2             0      0       0     200        0.0%
SFR_2                0      0       0     200        0.0%
BITSFR_1             0      0       0     200        0.0%
SFR_1                0      0       0     200        0.0%
BITSFR               0      0       0     200        0.0%
SFR                  0      0       0     200        0.0%


Microchip Technology PIC18 Macro Assembler V2.45 build 20230818022343 
Symbol Table                                                                                   Thu Nov 20 13:14:25 2025

                        l40 06E8                          l43 0692                          l54 06F2  
                        l55 06F2                         l741 0658                         l751 0688  
                       l743 0674                         l735 06C2                         l753 068A  
                       l745 0676                         l737 06C4                         l755 068C  
                       l747 0684                         l739 0656                         l757 068E  
                       l749 0686                         l773 06EA                         l759 0690  
                       _PR2 0FCB                         wreg 0FE8                        _LATC 0F8B  
                      i2l37 06C0                        i2l49 0652                        _main 06EA  
                      btemp 0009            __end_of_ADC_Init 0694                        start 000E  
              ___param_bank 0000                       ?_main 0001                       i2l781 063A  
                     i2l775 0694                       i2l783 0646                       i2l785 0648  
                     i2l777 0604                       i2l787 0650                       i2l779 0630  
                     _H_ISR 0008                       _TRISC 0F94            __end_of_PWM_Init 06EA  
                     ttemp5 000A                       ttemp6 000D                       ttemp7 0011  
                     status 0FD8                       wtemp8 000A             __initialization 06FA  
              __end_of_main 06FA                      ??_main 0009               __activetblptr 0000  
                    ?_H_ISR 0001                      _ADRESH 0FC4                      _ADRESL 0FC3  
                    _CCPR1L 0FBE  __end_of_set_LED_brightness 06C2                      i2u2_40 0630  
                    i2u2_41 062C                      i2u3_47 064A                      isa$std 0001  
                 ?_ADC_Init 0001                __mediumconst 0000                  __accesstop 0080  
   __end_of__initialization 06FA               ___rparam_used 0001               __end_of_H_ISR 0656  
            __pcstackCOMRAM 0001                   ?_PWM_Init 0001      set_LED_brightness@duty 0001  
                   ??_H_ISR 0005                  ??_ADC_Init 0009                  ??_PWM_Init 0009  
                   __Hparam 0000                     __Lparam 0000                __psmallconst 0600  
                   __pcinit 06FA                     __ramtop 0600                     __ptext0 06EA  
                   __ptext1 06C2                     __ptext2 0656                     __ptext4 0694  
                 _T2CONbits 0FCA              __pintcode_body 0602        end_of_initialization 06FA  
                   int_func 0602          _set_LED_brightness 0694         ?_set_LED_brightness 0001  
                 _TRISAbits 0F92        ??_set_LED_brightness 0003                 _CCP1CONbits 0FBD  
       start_initialization 06FA                   __pintcode 0008                  H_ISR@value 0007  
               __smallconst 0600                    _ADC_Init 0656                    _PIE1bits 0F9D  
                  _PIR1bits 0F9E                  _ADCON0bits 0FC2                  _ADCON1bits 0FC1  
                _ADCON2bits 0FC0                    _PWM_Init 06C2                    __Hrparam 0000  
                  __Lrparam 0000                    isa$xinst 0000                    int$flags 0009  
                _INTCONbits 0FF2                    intlevel2 0000                  _OSCCONbits 0FD3  
