

Microchip MPLAB XC8 Assembler V2.45 build 20230818022343 
                                                                                               Thu Nov 13 13:13:04 2025

Microchip MPLAB XC8 C Compiler v2.45 (Free license) build 20230818022343 Og1 
     1                           	processor	18F4520
     2                           	fnconf	rparam,??,?,0
     3                           	pagewidth 120
     4                           	opt	flic
     5                           	psect	cinit,global,reloc=2,class=CODE,delta=1
     6                           	psect	bssCOMRAM,global,class=COMRAM,space=1,delta=1,lowdata,noexec
     7                           	psect	cstackCOMRAM,global,class=COMRAM,space=1,delta=1,lowdata,noexec
     8                           	psect	text0,global,reloc=2,class=CODE,delta=1
     9                           	psect	text1,global,reloc=2,class=CODE,delta=1
    10                           	psect	intcode,global,reloc=2,class=CODE,delta=1
    11                           	psect	intcode_body,global,reloc=2,class=CODE,delta=1
    12                           	psect	text3,global,reloc=2,class=CODE,delta=1
    13                           	psect	smallconst,global,reloc=2,class=SMALLCONST,delta=1,noexec
    14                           	psect	intsave_regs,global,class=BIGRAM,space=1,delta=1,noexec
    15                           	psect	rparam,global,class=COMRAM,space=1,delta=1,noexec
    16                           	psect	temp,global,ovrld,common,class=COMRAM,space=1,delta=1
    17                           	psect	idloc,global,abs,ovrld,class=IDLOC,space=5,delta=1,noexec
    18                           	psect	config,global,abs,ovrld,class=CONFIG,space=4,delta=1,noexec
    19   000000                     
    20                           ; Generated 17/01/2025 GMT
    21                           ; 
    22                           ; Copyright © 2025, Microchip Technology Inc. and its subsidiaries ("Microchip")
    23                           ; All rights reserved.
    24                           ; 
    25                           ; This software is developed by Microchip Technology Inc. and its subsidiaries ("Microch
      +                          ip").
    26                           ; 
    27                           ; Redistribution and use in source and binary forms, with or without modification, are
    28                           ; permitted provided that the following conditions are met:
    29                           ; 
    30                           ;     1. Redistributions of source code must retain the above copyright notice, this lis
      +                          t of
    31                           ;        conditions and the following disclaimer.
    32                           ; 
    33                           ;     2. Redistributions in binary form must reproduce the above copyright notice, this 
      +                          list
    34                           ;        of conditions and the following disclaimer in the documentation and/or other
    35                           ;        materials provided with the distribution. Publication is not required when
    36                           ;        this file is used in an embedded application.
    37                           ; 
    38                           ;     3. Microchip's name may not be used to endorse or promote products derived from th
      +                          is
    39                           ;        software without specific prior written permission.
    40                           ; 
    41                           ; THIS SOFTWARE IS PROVIDED BY MICROCHIP "AS IS" AND ANY EXPRESS OR IMPLIED WARRANTIES,
    42                           ; INCLUDING, BUT NOT LIMITED TO, THE IMPLIED WARRANTIES OF MERCHANTABILITY AND FITNESS F
      +                          OR
    43                           ; PURPOSE ARE DISCLAIMED.  IN NO EVENT SHALL MICROCHIP BE LIABLE FOR ANY DIRECT, INDIREC
      +                          T,
    44                           ; INCIDENTAL, SPECIAL, EXEMPLARY, OR CONSEQUENTIAL DAMAGES (INCLUDING BUT NOT LIMITED TO
    45                           ; PROCUREMENT OF SUBSTITUTE GOODS OR SERVICES; LOSS OF USE, DATA OR PROFITS; OR BUSINESS
    46                           ; INTERRUPTION) HOWSOEVER CAUSED AND ON ANY THEORY OF LIABILITY, WHETHER IN CONTRACT, ST
      +                          RICT
    47                           ; LIABILITY, OR TORT (INCLUDING NEGLIGENCE OR OTHERWISE) ARISING IN ANY WAY OUT OF THE U
      +                          SE OF
    48                           ; THIS SOFTWARE, EVEN IF ADVISED OF THE POSSIBILITY OF SUCH DAMAGE.
    49                           ; 
    50                           ; 
    51                           ; Code-generator required, PIC18F4520 Definitions
    52                           ; 
    53                           ; SFR Addresses
    54   000000                     _LATC	set	3979
    55   000000                     _TRISB	set	3987
    56   000000                     _CCP1CONbits	set	4029
    57   000000                     _CCPR1L	set	4030
    58   000000                     _INTCONbits	set	4082
    59   000000                     _T2CONbits	set	4042
    60   000000                     _PR2	set	4043
    61   000000                     _OSCCONbits	set	4051
    62   000000                     _TRISC	set	3988
    63                           
    64                           ; #config settings
    65                           
    66                           	psect	cinit
    67   0007D8                     __pcinit:
    68                           	callstack 0
    69   0007D8                     start_initialization:
    70                           	callstack 0
    71   0007D8                     __initialization:
    72                           	callstack 0
    73                           
    74                           ; Clear objects allocated to COMRAM (2 bytes)
    75   0007D8  6A0A               	clrf	(__pbssCOMRAM+1)& (0+255),c
    76   0007DA  6A09               	clrf	__pbssCOMRAM& (0+255),c
    77   0007DC                     end_of_initialization:
    78                           	callstack 0
    79   0007DC                     __end_of__initialization:
    80                           	callstack 0
    81   0007DC  900B               	bcf	int$flags,0,c	;clear compiler interrupt flag (level 1)
    82   0007DE  920B               	bcf	int$flags,1,c	;clear compiler interrupt flag (level 2)
    83   0007E0  0100               	movlb	0
    84   0007E2  EFCA  F003         	goto	_main	;jump to C main() function
    85                           
    86                           	psect	bssCOMRAM
    87   000009                     __pbssCOMRAM:
    88                           	callstack 0
    89   000009                     _step:
    90                           	callstack 0
    91   000009                     	ds	2
    92                           
    93                           	psect	cstackCOMRAM
    94   000001                     __pcstackCOMRAM:
    95                           	callstack 0
    96   000001                     i2set_servo_angle@angle:
    97                           	callstack 0
    98                           
    99                           ; 2 bytes @ 0x0
   100   000001                     	ds	2
   101   000003                     ??i2_set_servo_angle:
   102                           
   103                           ; 1 bytes @ 0x2
   104   000003                     	ds	1
   105   000004                     ??_H_ISR:
   106                           
   107                           ; 1 bytes @ 0x3
   108   000004                     	ds	2
   109   000006                     set_servo_angle@angle:
   110                           	callstack 0
   111                           
   112                           ; 2 bytes @ 0x5
   113   000006                     	ds	2
   114   000008                     ??_set_servo_angle:
   115                           
   116                           ; 1 bytes @ 0x7
   117   000008                     	ds	1
   118   000009                     
   119                           ; 1 bytes @ 0x8
   120 ;;
   121 ;;Main: autosize = 0, tempsize = 0, incstack = 0, save=0
   122 ;;
   123 ;; *************** function _main *****************
   124 ;; Defined at:
   125 ;;		line 56 in file "basic.c"
   126 ;; Parameters:    Size  Location     Type
   127 ;;		None
   128 ;; Auto vars:     Size  Location     Type
   129 ;;		None
   130 ;; Return value:  Size  Location     Type
   131 ;;                  1    wreg      void 
   132 ;; Registers used:
   133 ;;		wreg, status,2, status,0, cstack
   134 ;; Tracked objects:
   135 ;;		On entry : 0/0
   136 ;;		On exit  : 0/0
   137 ;;		Unchanged: 0/0
   138 ;; Data sizes:     COMRAM   BANK0   BANK1   BANK2   BANK3   BANK4   BANK5
   139 ;;      Params:         0       0       0       0       0       0       0
   140 ;;      Locals:         0       0       0       0       0       0       0
   141 ;;      Temps:          0       0       0       0       0       0       0
   142 ;;      Totals:         0       0       0       0       0       0       0
   143 ;;Total ram usage:        0 bytes
   144 ;; Hardware stack levels required when called: 3
   145 ;; This function calls:
   146 ;;		_set_servo_angle
   147 ;; This function is called by:
   148 ;;		Startup code after reset
   149 ;; This function uses a non-reentrant model
   150 ;;
   151                           
   152                           	psect	text0
   153   000794                     __ptext0:
   154                           	callstack 0
   155   000794                     _main:
   156                           	callstack 28
   157   000794                     
   158                           ;basic.c: 57:     INTCONbits.INT0IF = 0;
   159   000794  92F2               	bcf	242,1,c	;volatile
   160                           
   161                           ;basic.c: 58:     INTCONbits.GIE = 0b1;
   162   000796  8EF2               	bsf	242,7,c	;volatile
   163                           
   164                           ;basic.c: 59:     INTCONbits.INT0IE = 0b1;
   165   000798  88F2               	bsf	242,4,c	;volatile
   166                           
   167                           ;basic.c: 62:     T2CONbits.TMR2ON = 0b1;
   168   00079A  84CA               	bsf	202,2,c	;volatile
   169   00079C                     
   170                           ;basic.c: 63:     T2CONbits.T2CKPS = 0b01;
   171   00079C  50CA               	movf	202,w,c	;volatile
   172   00079E  0BFC               	andlw	-4
   173   0007A0  0901               	iorlw	1
   174   0007A2  6ECA               	movwf	202,c	;volatile
   175                           
   176                           ;basic.c: 66:     OSCCONbits.IRCF = 0b001;
   177   0007A4  50D3               	movf	211,w,c	;volatile
   178   0007A6  0B8F               	andlw	-113
   179   0007A8  0910               	iorlw	16
   180   0007AA  6ED3               	movwf	211,c	;volatile
   181                           
   182                           ;basic.c: 69:     CCP1CONbits.CCP1M = 0b1100;
   183   0007AC  50BD               	movf	189,w,c	;volatile
   184   0007AE  0BF0               	andlw	-16
   185   0007B0  090C               	iorlw	12
   186   0007B2  6EBD               	movwf	189,c	;volatile
   187                           
   188                           ;basic.c: 72:     TRISB = 1;
   189   0007B4  0E01               	movlw	1
   190   0007B6  6E93               	movwf	147,c	;volatile
   191                           
   192                           ;basic.c: 74:     TRISC = 0;
   193   0007B8  0E00               	movlw	0
   194   0007BA  6E94               	movwf	148,c	;volatile
   195                           
   196                           ;basic.c: 75:     LATC = 0;
   197   0007BC  0E00               	movlw	0
   198   0007BE  6E8B               	movwf	139,c	;volatile
   199                           
   200                           ;basic.c: 84:     PR2 = 0x9b;
   201   0007C0  0E9B               	movlw	155
   202   0007C2  6ECB               	movwf	203,c	;volatile
   203   0007C4                     
   204                           ;basic.c: 86:     set_servo_angle(0);
   205   0007C4  0E00               	movlw	0
   206   0007C6  6E07               	movwf	(set_servo_angle@angle+1)^0,c
   207   0007C8  0E00               	movlw	0
   208   0007CA  6E06               	movwf	set_servo_angle@angle^0,c
   209   0007CC  EC58  F003         	call	_set_servo_angle	;wreg free
   210   0007D0                     l45:
   211   0007D0  EFE8  F003         	goto	l45
   212   0007D4  EF07  F000         	goto	start
   213   0007D8                     __end_of_main:
   214                           	callstack 0
   215                           
   216 ;; *************** function _set_servo_angle *****************
   217 ;; Defined at:
   218 ;;		line 24 in file "basic.c"
   219 ;; Parameters:    Size  Location     Type
   220 ;;  angle           2    5[COMRAM] int 
   221 ;; Auto vars:     Size  Location     Type
   222 ;;		None
   223 ;; Return value:  Size  Location     Type
   224 ;;                  1    wreg      void 
   225 ;; Registers used:
   226 ;;		wreg, status,2, status,0
   227 ;; Tracked objects:
   228 ;;		On entry : 0/0
   229 ;;		On exit  : 0/0
   230 ;;		Unchanged: 0/0
   231 ;; Data sizes:     COMRAM   BANK0   BANK1   BANK2   BANK3   BANK4   BANK5
   232 ;;      Params:         2       0       0       0       0       0       0
   233 ;;      Locals:         0       0       0       0       0       0       0
   234 ;;      Temps:          1       0       0       0       0       0       0
   235 ;;      Totals:         3       0       0       0       0       0       0
   236 ;;Total ram usage:        3 bytes
   237 ;; Hardware stack levels used: 1
   238 ;; Hardware stack levels required when called: 2
   239 ;; This function calls:
   240 ;;		Nothing
   241 ;; This function is called by:
   242 ;;		_main
   243 ;; This function uses a non-reentrant model
   244 ;;
   245                           
   246                           	psect	text1
   247   0006B0                     __ptext1:
   248                           	callstack 0
   249   0006B0                     _set_servo_angle:
   250                           	callstack 28
   251   0006B0                     
   252                           ;basic.c: 26:     if(angle == -90){
   253   0006B0  0EA6               	movlw	166
   254   0006B2  1806               	xorwf	set_servo_angle@angle^0,w,c
   255   0006B4  E106               	bnz	u121
   256   0006B6  2807               	incf	(set_servo_angle@angle+1)^0,w,c
   257   0006B8  A4D8               	btfss	status,2,c
   258   0006BA  EF61  F003         	goto	u121
   259   0006BE  EF63  F003         	goto	u120
   260   0006C2                     u121:
   261   0006C2  EF69  F003         	goto	l788
   262   0006C6                     u120:
   263   0006C6                     
   264                           ;basic.c: 27:         CCPR1L = 3;
   265   0006C6  0E03               	movlw	3
   266   0006C8  6EBE               	movwf	190,c	;volatile
   267                           
   268                           ;basic.c: 28:         CCP1CONbits.DC1B = 3;
   269   0006CA  0E30               	movlw	48
   270   0006CC  12BD               	iorwf	189,f,c	;volatile
   271                           
   272                           ;basic.c: 29:     }else if(angle == 0){
   273   0006CE  EF88  F003         	goto	l796
   274   0006D2                     l788:
   275   0006D2  5006               	movf	set_servo_angle@angle^0,w,c
   276   0006D4  1007               	iorwf	(set_servo_angle@angle+1)^0,w,c
   277   0006D6  A4D8               	btfss	status,2,c
   278   0006D8  EF70  F003         	goto	u131
   279   0006DC  EF72  F003         	goto	u130
   280   0006E0                     u131:
   281   0006E0  EF7A  F003         	goto	l792
   282   0006E4                     u130:
   283   0006E4                     
   284                           ;basic.c: 30:         CCPR1L = 11;
   285   0006E4  0E0B               	movlw	11
   286   0006E6  6EBE               	movwf	190,c	;volatile
   287                           
   288                           ;basic.c: 31:         CCP1CONbits.DC1B = 1;
   289   0006E8  50BD               	movf	189,w,c	;volatile
   290   0006EA  0BCF               	andlw	-49
   291   0006EC  0910               	iorlw	16
   292   0006EE  6EBD               	movwf	189,c	;volatile
   293                           
   294                           ;basic.c: 32:     }else if(angle == 90){
   295   0006F0  EF88  F003         	goto	l796
   296   0006F4                     l792:
   297   0006F4  0E5A               	movlw	90
   298   0006F6  1806               	xorwf	set_servo_angle@angle^0,w,c
   299   0006F8  1007               	iorwf	(set_servo_angle@angle+1)^0,w,c
   300   0006FA  A4D8               	btfss	status,2,c
   301   0006FC  EF82  F003         	goto	u141
   302   000700  EF84  F003         	goto	u140
   303   000704                     u141:
   304   000704  EF88  F003         	goto	l796
   305   000708                     u140:
   306   000708                     
   307                           ;basic.c: 33:         CCPR1L = 18;
   308   000708  0E12               	movlw	18
   309   00070A  6EBE               	movwf	190,c	;volatile
   310                           
   311                           ;basic.c: 34:         CCP1CONbits.DC1B = 3;
   312   00070C  0E30               	movlw	48
   313   00070E  12BD               	iorwf	189,f,c	;volatile
   314   000710                     l796:
   315                           
   316                           ;basic.c: 36:     _delay((unsigned long)((100)*(1000000/4000.0)));
   317   000710  0E21               	movlw	33
   318   000712  6E08               	movwf	??_set_servo_angle^0,c
   319   000714  0E76               	movlw	118
   320   000716                     u237:
   321   000716  2EE8               	decfsz	wreg,f,c
   322   000718  D7FE               	bra	u237
   323   00071A  2E08               	decfsz	??_set_servo_angle^0,f,c
   324   00071C  D7FC               	bra	u237
   325   00071E  D000               	nop2	
   326   000720  0012               	return		;funcret
   327   000722                     __end_of_set_servo_angle:
   328                           	callstack 0
   329                           
   330 ;; *************** function _H_ISR *****************
   331 ;; Defined at:
   332 ;;		line 40 in file "basic.c"
   333 ;; Parameters:    Size  Location     Type
   334 ;;		None
   335 ;; Auto vars:     Size  Location     Type
   336 ;;		None
   337 ;; Return value:  Size  Location     Type
   338 ;;                  1    wreg      void 
   339 ;; Registers used:
   340 ;;		wreg, status,2, status,0, cstack
   341 ;; Tracked objects:
   342 ;;		On entry : 0/0
   343 ;;		On exit  : 0/0
   344 ;;		Unchanged: 0/0
   345 ;; Data sizes:     COMRAM   BANK0   BANK1   BANK2   BANK3   BANK4   BANK5
   346 ;;      Params:         0       0       0       0       0       0       0
   347 ;;      Locals:         0       0       0       0       0       0       0
   348 ;;      Temps:          2       0       0       0       0       0       0
   349 ;;      Totals:         2       0       0       0       0       0       0
   350 ;;Total ram usage:        2 bytes
   351 ;; Hardware stack levels used: 1
   352 ;; Hardware stack levels required when called: 1
   353 ;; This function calls:
   354 ;;		i2_set_servo_angle
   355 ;; This function is called by:
   356 ;;		Interrupt level 2
   357 ;; This function uses a non-reentrant model
   358 ;;
   359                           
   360                           	psect	intcode
   361   000008                     __pintcode:
   362                           	callstack 0
   363   000008                     _H_ISR:
   364                           	callstack 28
   365                           
   366                           ;incstack = 0
   367   000008  820B               	bsf	int$flags,1,c	;set compiler interrupt flag (level 2)
   368   00000A  ED01  F003         	call	int_func,f	;refresh shadow registers
   369                           
   370                           	psect	intcode_body
   371   000602                     __pintcode_body:
   372                           	callstack 28
   373   000602                     int_func:
   374                           	callstack 28
   375   000602  0006               	pop		; remove dummy address from shadow register refresh
   376   000604                     
   377                           ;basic.c: 41:     if(INTCONbits.INT0IF != 1){
   378   000604  B2F2               	btfsc	242,1,c	;volatile
   379   000606  EF07  F003         	goto	i2u18_41
   380   00060A  EF09  F003         	goto	i2u18_40
   381   00060E                     i2u18_41:
   382   00060E  EF0B  F003         	goto	i2l35
   383   000612                     i2u18_40:
   384   000612  EF56  F003         	goto	i2l36
   385   000616                     i2l35:
   386                           
   387                           ;basic.c: 44:     INTCONbits.INT0IE = 0;
   388   000616  98F2               	bcf	242,4,c	;volatile
   389   000618                     
   390                           ;basic.c: 45:     if(step == 0) set_servo_angle(0);
   391   000618  5009               	movf	_step^0,w,c
   392   00061A  100A               	iorwf	(_step+1)^0,w,c
   393   00061C  A4D8               	btfss	status,2,c
   394   00061E  EF13  F003         	goto	i2u19_41
   395   000622  EF15  F003         	goto	i2u19_40
   396   000626                     i2u19_41:
   397   000626  EF1B  F003         	goto	i2l820
   398   00062A                     i2u19_40:
   399   00062A  0E00               	movlw	0
   400   00062C  6E02               	movwf	(i2set_servo_angle@angle+1)^0,c
   401   00062E  0E00               	movlw	0
   402   000630  6E01               	movwf	i2set_servo_angle@angle^0,c
   403   000632  EC91  F003         	call	i2_set_servo_angle	;wreg free
   404   000636                     i2l820:
   405                           
   406                           ;basic.c: 46:     if(step == 1) set_servo_angle(90);
   407   000636  0409               	decf	_step^0,w,c
   408   000638  100A               	iorwf	(_step+1)^0,w,c
   409   00063A  A4D8               	btfss	status,2,c
   410   00063C  EF22  F003         	goto	i2u20_41
   411   000640  EF24  F003         	goto	i2u20_40
   412   000644                     i2u20_41:
   413   000644  EF2A  F003         	goto	i2l824
   414   000648                     i2u20_40:
   415   000648  0E00               	movlw	0
   416   00064A  6E02               	movwf	(i2set_servo_angle@angle+1)^0,c
   417   00064C  0E5A               	movlw	90
   418   00064E  6E01               	movwf	i2set_servo_angle@angle^0,c
   419   000650  EC91  F003         	call	i2_set_servo_angle	;wreg free
   420   000654                     i2l824:
   421                           
   422                           ;basic.c: 47:     if(step == 2) set_servo_angle(0);
   423   000654  0E02               	movlw	2
   424   000656  1809               	xorwf	_step^0,w,c
   425   000658  100A               	iorwf	(_step+1)^0,w,c
   426   00065A  A4D8               	btfss	status,2,c
   427   00065C  EF32  F003         	goto	i2u21_41
   428   000660  EF34  F003         	goto	i2u21_40
   429   000664                     i2u21_41:
   430   000664  EF3A  F003         	goto	i2l828
   431   000668                     i2u21_40:
   432   000668  0E00               	movlw	0
   433   00066A  6E02               	movwf	(i2set_servo_angle@angle+1)^0,c
   434   00066C  0E00               	movlw	0
   435   00066E  6E01               	movwf	i2set_servo_angle@angle^0,c
   436   000670  EC91  F003         	call	i2_set_servo_angle	;wreg free
   437   000674                     i2l828:
   438                           
   439                           ;basic.c: 48:     if(step == 3) set_servo_angle(-90);
   440   000674  0E03               	movlw	3
   441   000676  1809               	xorwf	_step^0,w,c
   442   000678  100A               	iorwf	(_step+1)^0,w,c
   443   00067A  A4D8               	btfss	status,2,c
   444   00067C  EF42  F003         	goto	i2u22_41
   445   000680  EF44  F003         	goto	i2u22_40
   446   000684                     i2u22_41:
   447   000684  EF4A  F003         	goto	i2l832
   448   000688                     i2u22_40:
   449   000688  0EFF               	movlw	255
   450   00068A  6E02               	movwf	(i2set_servo_angle@angle+1)^0,c
   451   00068C  0EA6               	movlw	166
   452   00068E  6E01               	movwf	i2set_servo_angle@angle^0,c
   453   000690  EC91  F003         	call	i2_set_servo_angle	;wreg free
   454   000694                     i2l832:
   455                           
   456                           ;basic.c: 49:     step = (step + 1) % 4;
   457   000694  0E01               	movlw	1
   458   000696  2409               	addwf	_step^0,w,c
   459   000698  6E04               	movwf	??_H_ISR^0,c
   460   00069A  0E00               	movlw	0
   461   00069C  200A               	addwfc	(_step+1)^0,w,c
   462   00069E  6E05               	movwf	(??_H_ISR+1)^0,c
   463   0006A0  0E03               	movlw	3
   464   0006A2  1404               	andwf	??_H_ISR^0,w,c
   465   0006A4  6E09               	movwf	_step^0,c
   466   0006A6  6A0A               	clrf	(_step+1)^0,c
   467   0006A8                     
   468                           ;basic.c: 52:     INTCONbits.INT0IF=0;
   469   0006A8  92F2               	bcf	242,1,c	;volatile
   470   0006AA                     
   471                           ;basic.c: 53:     INTCONbits.INT0IE = 1;
   472   0006AA  88F2               	bsf	242,4,c	;volatile
   473   0006AC                     i2l36:
   474   0006AC  920B               	bcf	int$flags,1,c	;clear compiler interrupt flag (level 2)
   475   0006AE  0011               	retfie		f
   476   0006B0                     __end_of_H_ISR:
   477                           	callstack 0
   478                           
   479 ;; *************** function i2_set_servo_angle *****************
   480 ;; Defined at:
   481 ;;		line 24 in file "basic.c"
   482 ;; Parameters:    Size  Location     Type
   483 ;;  angle           2    0[COMRAM] int 
   484 ;; Auto vars:     Size  Location     Type
   485 ;;		None
   486 ;; Return value:  Size  Location     Type
   487 ;;                  1    wreg      void 
   488 ;; Registers used:
   489 ;;		wreg, status,2, status,0
   490 ;; Tracked objects:
   491 ;;		On entry : 0/0
   492 ;;		On exit  : 0/0
   493 ;;		Unchanged: 0/0
   494 ;; Data sizes:     COMRAM   BANK0   BANK1   BANK2   BANK3   BANK4   BANK5
   495 ;;      Params:         2       0       0       0       0       0       0
   496 ;;      Locals:         0       0       0       0       0       0       0
   497 ;;      Temps:          1       0       0       0       0       0       0
   498 ;;      Totals:         3       0       0       0       0       0       0
   499 ;;Total ram usage:        3 bytes
   500 ;; Hardware stack levels used: 1
   501 ;; This function calls:
   502 ;;		Nothing
   503 ;; This function is called by:
   504 ;;		_H_ISR
   505 ;; This function uses a non-reentrant model
   506 ;;
   507                           
   508                           	psect	text3
   509   000722                     __ptext3:
   510                           	callstack 0
   511   000722                     i2_set_servo_angle:
   512                           	callstack 28
   513   000722                     
   514                           ;basic.c: 26:     if(angle == -90){
   515   000722  0EA6               	movlw	166
   516   000724  1801               	xorwf	i2set_servo_angle@angle^0,w,c
   517   000726  E106               	bnz	i2u15_41
   518   000728  2802               	incf	(i2set_servo_angle@angle+1)^0,w,c
   519   00072A  A4D8               	btfss	status,2,c
   520   00072C  EF9A  F003         	goto	i2u15_41
   521   000730  EF9C  F003         	goto	i2u15_40
   522   000734                     i2u15_41:
   523   000734  EFA2  F003         	goto	i2l802
   524   000738                     i2u15_40:
   525   000738                     
   526                           ;basic.c: 27:         CCPR1L = 3;
   527   000738  0E03               	movlw	3
   528   00073A  6EBE               	movwf	190,c	;volatile
   529                           
   530                           ;basic.c: 28:         CCP1CONbits.DC1B = 3;
   531   00073C  0E30               	movlw	48
   532   00073E  12BD               	iorwf	189,f,c	;volatile
   533                           
   534                           ;basic.c: 29:     }else if(angle == 0){
   535   000740  EFC1  F003         	goto	i2l810
   536   000744                     i2l802:
   537   000744  5001               	movf	i2set_servo_angle@angle^0,w,c
   538   000746  1002               	iorwf	(i2set_servo_angle@angle+1)^0,w,c
   539   000748  A4D8               	btfss	status,2,c
   540   00074A  EFA9  F003         	goto	i2u16_41
   541   00074E  EFAB  F003         	goto	i2u16_40
   542   000752                     i2u16_41:
   543   000752  EFB3  F003         	goto	i2l806
   544   000756                     i2u16_40:
   545   000756                     
   546                           ;basic.c: 30:         CCPR1L = 11;
   547   000756  0E0B               	movlw	11
   548   000758  6EBE               	movwf	190,c	;volatile
   549                           
   550                           ;basic.c: 31:         CCP1CONbits.DC1B = 1;
   551   00075A  50BD               	movf	189,w,c	;volatile
   552   00075C  0BCF               	andlw	-49
   553   00075E  0910               	iorlw	16
   554   000760  6EBD               	movwf	189,c	;volatile
   555                           
   556                           ;basic.c: 32:     }else if(angle == 90){
   557   000762  EFC1  F003         	goto	i2l810
   558   000766                     i2l806:
   559   000766  0E5A               	movlw	90
   560   000768  1801               	xorwf	i2set_servo_angle@angle^0,w,c
   561   00076A  1002               	iorwf	(i2set_servo_angle@angle+1)^0,w,c
   562   00076C  A4D8               	btfss	status,2,c
   563   00076E  EFBB  F003         	goto	i2u17_41
   564   000772  EFBD  F003         	goto	i2u17_40
   565   000776                     i2u17_41:
   566   000776  EFC1  F003         	goto	i2l810
   567   00077A                     i2u17_40:
   568   00077A                     
   569                           ;basic.c: 33:         CCPR1L = 18;
   570   00077A  0E12               	movlw	18
   571   00077C  6EBE               	movwf	190,c	;volatile
   572                           
   573                           ;basic.c: 34:         CCP1CONbits.DC1B = 3;
   574   00077E  0E30               	movlw	48
   575   000780  12BD               	iorwf	189,f,c	;volatile
   576   000782                     i2l810:
   577                           
   578                           ;basic.c: 36:     _delay((unsigned long)((100)*(1000000/4000.0)));
   579   000782  0E21               	movlw	33
   580   000784  6E03               	movwf	??i2_set_servo_angle^0,c
   581   000786  0E76               	movlw	118
   582   000788                     i2u24_47:
   583   000788  2EE8               	decfsz	wreg,f,c
   584   00078A  D7FE               	bra	i2u24_47
   585   00078C  2E03               	decfsz	??i2_set_servo_angle^0,f,c
   586   00078E  D7FC               	bra	i2u24_47
   587   000790  D000               	nop2	
   588   000792  0012               	return		;funcret
   589   000794                     __end_ofi2_set_servo_angle:
   590                           	callstack 0
   591                           
   592                           	psect	smallconst
   593   000600                     __psmallconst:
   594                           	callstack 0
   595   000600  00                 	db	0
   596   000601  00                 	db	0	; dummy byte at the end
   597   000000                     
   598                           	psect	rparam
   599   000000                     
   600                           	psect	temp
   601   00000B                     btemp:
   602                           	callstack 0
   603   00000B                     	ds	1
   604   000000                     int$flags	set	btemp
   605   000000                     wtemp8	set	btemp+1
   606   000000                     ttemp5	set	btemp+1
   607   000000                     ttemp6	set	btemp+4
   608   000000                     ttemp7	set	btemp+8
   609                           
   610                           	psect	idloc
   611                           
   612                           ;Config register IDLOC0 @ 0x200000
   613                           ;	unspecified, using default values
   614   200000                     	org	2097152
   615   200000  FF                 	db	255
   616                           
   617                           ;Config register IDLOC1 @ 0x200001
   618                           ;	unspecified, using default values
   619   200001                     	org	2097153
   620   200001  FF                 	db	255
   621                           
   622                           ;Config register IDLOC2 @ 0x200002
   623                           ;	unspecified, using default values
   624   200002                     	org	2097154
   625   200002  FF                 	db	255
   626                           
   627                           ;Config register IDLOC3 @ 0x200003
   628                           ;	unspecified, using default values
   629   200003                     	org	2097155
   630   200003  FF                 	db	255
   631                           
   632                           ;Config register IDLOC4 @ 0x200004
   633                           ;	unspecified, using default values
   634   200004                     	org	2097156
   635   200004  FF                 	db	255
   636                           
   637                           ;Config register IDLOC5 @ 0x200005
   638                           ;	unspecified, using default values
   639   200005                     	org	2097157
   640   200005  FF                 	db	255
   641                           
   642                           ;Config register IDLOC6 @ 0x200006
   643                           ;	unspecified, using default values
   644   200006                     	org	2097158
   645   200006  FF                 	db	255
   646                           
   647                           ;Config register IDLOC7 @ 0x200007
   648                           ;	unspecified, using default values
   649   200007                     	org	2097159
   650   200007  FF                 	db	255
   651                           
   652                           	psect	config
   653                           
   654                           ; Padding undefined space
   655   300000                     	org	3145728
   656   300000  FF                 	db	255
   657                           
   658                           ;Config register CONFIG1H @ 0x300001
   659                           ;	Oscillator Selection bits
   660                           ;	OSC = INTIO67, Internal oscillator block, port function on RA6 and RA7
   661                           ;	Fail-Safe Clock Monitor Enable bit
   662                           ;	FCMEN = 0x0, unprogrammed default
   663                           ;	Internal/External Oscillator Switchover bit
   664                           ;	IESO = 0x0, unprogrammed default
   665   300001                     	org	3145729
   666   300001  08                 	db	8
   667                           
   668                           ;Config register CONFIG2L @ 0x300002
   669                           ;	Power-up Timer Enable bit
   670                           ;	PWRT = OFF, PWRT disabled
   671                           ;	Brown-out Reset Enable bits
   672                           ;	BOREN = ON, Brown-out Reset enabled and controlled by software (SBOREN is enabled)
   673                           ;	Brown Out Reset Voltage bits
   674                           ;	BORV = 0x3, unprogrammed default
   675   300002                     	org	3145730
   676   300002  1B                 	db	27
   677                           
   678                           ;Config register CONFIG2H @ 0x300003
   679                           ;	Watchdog Timer Enable bit
   680                           ;	WDT = OFF, WDT disabled (control is placed on the SWDTEN bit)
   681                           ;	Watchdog Timer Postscale Select bits
   682                           ;	WDTPS = 0xF, unprogrammed default
   683   300003                     	org	3145731
   684   300003  1E                 	db	30
   685                           
   686                           ; Padding undefined space
   687   300004                     	org	3145732
   688   300004  FF                 	db	255
   689                           
   690                           ;Config register CONFIG3H @ 0x300005
   691                           ;	CCP2 MUX bit
   692                           ;	CCP2MX = 0x1, unprogrammed default
   693                           ;	PORTB A/D Enable bit
   694                           ;	PBADEN = OFF, PORTB<4:0> pins are configured as digital I/O on Reset
   695                           ;	Low-Power Timer1 Oscillator Enable bit
   696                           ;	LPT1OSC = 0x0, unprogrammed default
   697                           ;	MCLR Pin Enable bit
   698                           ;	MCLRE = 0x1, unprogrammed default
   699   300005                     	org	3145733
   700   300005  81                 	db	129
   701                           
   702                           ;Config register CONFIG4L @ 0x300006
   703                           ;	Stack Full/Underflow Reset Enable bit
   704                           ;	STVREN = 0x1, unprogrammed default
   705                           ;	Single-Supply ICSP Enable bit
   706                           ;	LVP = OFF, Single-Supply ICSP disabled
   707                           ;	Extended Instruction Set Enable bit
   708                           ;	XINST = 0x0, unprogrammed default
   709                           ;	Background Debugger Enable bit
   710                           ;	DEBUG = 0x1, unprogrammed default
   711   300006                     	org	3145734
   712   300006  81                 	db	129
   713                           
   714                           ; Padding undefined space
   715   300007                     	org	3145735
   716   300007  FF                 	db	255
   717                           
   718                           ;Config register CONFIG5L @ 0x300008
   719                           ;	unspecified, using default values
   720                           ;	Code Protection bit
   721                           ;	CP0 = 0x1, unprogrammed default
   722                           ;	Code Protection bit
   723                           ;	CP1 = 0x1, unprogrammed default
   724                           ;	Code Protection bit
   725                           ;	CP2 = 0x1, unprogrammed default
   726                           ;	Code Protection bit
   727                           ;	CP3 = 0x1, unprogrammed default
   728   300008                     	org	3145736
   729   300008  0F                 	db	15
   730                           
   731                           ;Config register CONFIG5H @ 0x300009
   732                           ;	Boot Block Code Protection bit
   733                           ;	CPB = 0x1, unprogrammed default
   734                           ;	Data EEPROM Code Protection bit
   735                           ;	CPD = OFF, Data EEPROM not code-protected
   736   300009                     	org	3145737
   737   300009  C0                 	db	192
   738                           
   739                           ;Config register CONFIG6L @ 0x30000A
   740                           ;	unspecified, using default values
   741                           ;	Write Protection bit
   742                           ;	WRT0 = 0x1, unprogrammed default
   743                           ;	Write Protection bit
   744                           ;	WRT1 = 0x1, unprogrammed default
   745                           ;	Write Protection bit
   746                           ;	WRT2 = 0x1, unprogrammed default
   747                           ;	Write Protection bit
   748                           ;	WRT3 = 0x1, unprogrammed default
   749   30000A                     	org	3145738
   750   30000A  0F                 	db	15
   751                           
   752                           ;Config register CONFIG6H @ 0x30000B
   753                           ;	unspecified, using default values
   754                           ;	Configuration Register Write Protection bit
   755                           ;	WRTC = 0x1, unprogrammed default
   756                           ;	Boot Block Write Protection bit
   757                           ;	WRTB = 0x1, unprogrammed default
   758                           ;	Data EEPROM Write Protection bit
   759                           ;	WRTD = 0x1, unprogrammed default
   760   30000B                     	org	3145739
   761   30000B  E0                 	db	224
   762                           
   763                           ;Config register CONFIG7L @ 0x30000C
   764                           ;	unspecified, using default values
   765                           ;	Table Read Protection bit
   766                           ;	EBTR0 = 0x1, unprogrammed default
   767                           ;	Table Read Protection bit
   768                           ;	EBTR1 = 0x1, unprogrammed default
   769                           ;	Table Read Protection bit
   770                           ;	EBTR2 = 0x1, unprogrammed default
   771                           ;	Table Read Protection bit
   772                           ;	EBTR3 = 0x1, unprogrammed default
   773   30000C                     	org	3145740
   774   30000C  0F                 	db	15
   775                           
   776                           ;Config register CONFIG7H @ 0x30000D
   777                           ;	unspecified, using default values
   778                           ;	Boot Block Table Read Protection bit
   779                           ;	EBTRB = 0x1, unprogrammed default
   780   30000D                     	org	3145741
   781   30000D  40                 	db	64
   782                           tosu	equ	0xFFF
   783                           tosh	equ	0xFFE
   784                           tosl	equ	0xFFD
   785                           stkptr	equ	0xFFC
   786                           pclatu	equ	0xFFB
   787                           pclath	equ	0xFFA
   788                           pcl	equ	0xFF9
   789                           tblptru	equ	0xFF8
   790                           tblptrh	equ	0xFF7
   791                           tblptrl	equ	0xFF6
   792                           tablat	equ	0xFF5
   793                           prodh	equ	0xFF4
   794                           prodl	equ	0xFF3
   795                           indf0	equ	0xFEF
   796                           postinc0	equ	0xFEE
   797                           postdec0	equ	0xFED
   798                           preinc0	equ	0xFEC
   799                           plusw0	equ	0xFEB
   800                           fsr0h	equ	0xFEA
   801                           fsr0l	equ	0xFE9
   802                           wreg	equ	0xFE8
   803                           indf1	equ	0xFE7
   804                           postinc1	equ	0xFE6
   805                           postdec1	equ	0xFE5
   806                           preinc1	equ	0xFE4
   807                           plusw1	equ	0xFE3
   808                           fsr1h	equ	0xFE2
   809                           fsr1l	equ	0xFE1
   810                           bsr	equ	0xFE0
   811                           indf2	equ	0xFDF
   812                           postinc2	equ	0xFDE
   813                           postdec2	equ	0xFDD
   814                           preinc2	equ	0xFDC
   815                           plusw2	equ	0xFDB
   816                           fsr2h	equ	0xFDA
   817                           fsr2l	equ	0xFD9
   818                           status	equ	0xFD8

Data Sizes:
    Strings     0
    Constant    0
    Data        0
    BSS         2
    Persistent  0
    Stack       0

Auto Spaces:
    Space          Size  Autos    Used
    COMRAM          126      8      10
    BANK0           128      0       0
    BANK1           256      0       0
    BANK2           256      0       0
    BANK3           256      0       0
    BANK4           256      0       0
    BANK5           244      0       0

Pointer List with Targets:

    None.

Critical Paths under _main in COMRAM

    _main->_set_servo_angle

Critical Paths under _H_ISR in COMRAM

    _H_ISR->i2_set_servo_angle

Critical Paths under _main in BANK0

    None.

Critical Paths under _H_ISR in BANK0

    None.

Critical Paths under _main in BANK1

    None.

Critical Paths under _H_ISR in BANK1

    None.

Critical Paths under _main in BANK2

    None.

Critical Paths under _H_ISR in BANK2

    None.

Critical Paths under _main in BANK3

    None.

Critical Paths under _H_ISR in BANK3

    None.

Critical Paths under _main in BANK4

    None.

Critical Paths under _H_ISR in BANK4

    None.

Critical Paths under _main in BANK5

    None.

Critical Paths under _H_ISR in BANK5

    None.

Call Graph Tables:

 ---------------------------------------------------------------------------------
 (Depth) Function   	        Calls       Base Space   Used Autos Params    Refs
 ---------------------------------------------------------------------------------
 (0) _main                                                 0     0      0     342
                    _set_servo_angle
 ---------------------------------------------------------------------------------
 (1) _set_servo_angle                                      3     1      2     342
                                              5 COMRAM     3     1      2
 ---------------------------------------------------------------------------------
 Estimated maximum stack depth 1
 ---------------------------------------------------------------------------------
 (Depth) Function   	        Calls       Base Space   Used Autos Params    Refs
 ---------------------------------------------------------------------------------
 (2) _H_ISR                                                2     2      0     170
                                              3 COMRAM     2     2      0
                  i2_set_servo_angle
 ---------------------------------------------------------------------------------
 (3) i2_set_servo_angle                                    3     1      2     170
                                              0 COMRAM     3     1      2
 ---------------------------------------------------------------------------------
 Estimated maximum stack depth 3
 ---------------------------------------------------------------------------------

 Call Graph Graphs:

 _main (ROOT)
   _set_servo_angle

 _H_ISR (ROOT)
   i2_set_servo_angle

 Address spaces:
Name               Size   Autos  Total    Cost      Usage
BIGRAM             5F3      0       0      27        0.0%
EEDATA             100      0       0       0        0.0%
BITBANK4           100      0       0      11        0.0%
BANK4              100      0       0      12        0.0%
BITBANK3           100      0       0       9        0.0%
BANK3              100      0       0      10        0.0%
BITBANK2           100      0       0       7        0.0%
BANK2              100      0       0       8        0.0%
BITBANK1           100      0       0       5        0.0%
BANK1              100      0       0       6        0.0%
BITBANK5            F4      0       0      13        0.0%
BANK5               F4      0       0      14        0.0%
BITBANK0            80      0       0       3        0.0%
BANK0               80      0       0       4        0.0%
BITCOMRAM           7E      0       0       0        0.0%
COMRAM              7E      8       A       1        7.9%
BITBIGSFR_1l        20      0       0      22        0.0%
BITBIGSFR_1hl        B      0       0      21        0.0%
BITBIGSFRll          B      0       0      25        0.0%
BITBIGSFR_5h         A      0       0      15        0.0%
BITBIGSFRlh          7      0       0      24        0.0%
BITBIGSFRh           7      0       0      23        0.0%
BITBIGSFR_1hh        7      0       0      20        0.0%
BITBIGSFR_2          6      0       0      19        0.0%
BITBIGSFR_4          3      0       0      17        0.0%
BITBIGSFR_3          3      0       0      18        0.0%
BITBIGSFR_5l         2      0       0      16        0.0%
BIGSFR_5             0      0       0     200        0.0%
BIGSFR_4             0      0       0     200        0.0%
BIGSFR_3             0      0       0     200        0.0%
BIGSFR_2             0      0       0     200        0.0%
BIGSFR_1             0      0       0     200        0.0%
BIGSFR               0      0       0     200        0.0%
BITSFR_5             0      0       0     200        0.0%
SFR_5                0      0       0     200        0.0%
BITSFR_4             0      0       0     200        0.0%
SFR_4                0      0       0     200        0.0%
BITSFR_3             0      0       0     200        0.0%
SFR_3                0      0       0     200        0.0%
BITSFR_2             0      0       0     200        0.0%
SFR_2                0      0       0     200        0.0%
BITSFR_1             0      0       0     200        0.0%
SFR_1                0      0       0     200        0.0%
BITSFR               0      0       0     200        0.0%
SFR                  0      0       0     200        0.0%
STACK                0      0       0       2        0.0%
NULL                 0      0       0       0        0.0%
ABS                  0      0       A      26        0.0%
DATA                 0      0       A      28        0.0%
CODE                 0      0       0       0        0.0%


Microchip Technology PIC18 Macro Assembler V2.45 build 20230818022343 
Symbol Table                                                                                   Thu Nov 13 13:13:04 2025

                       l28 0720                         l45 07D0                         l46 07D0  
                      l840 079C                        l842 07C4                        l790 06E4  
                      l838 0794                        l792 06F4                        l784 06B0  
                      l794 0708                        l786 06C6                        l796 0710  
                      l788 06D2                        u120 06C6                        u121 06C2  
                      u130 06E4                        u131 06E0                        u140 0708  
                      u141 0704                        u237 0716                        _PR2 0FCB  
                      wreg 0FE8                       _LATC 0F8B                       i2l35 0616  
                     i2l28 0792                       i2l36 06AC                       _main 0794  
                     _step 0009                       btemp 000B                       start 000E  
             ___param_bank 0000                      ?_main 0001                      i2l800 0738  
                    i2l810 0782                      i2l802 0744                      i2l804 0756  
                    i2l820 0636                      i2l812 0604                      i2l806 0766  
                    i2l830 0688                      i2l822 0648                      i2l808 077A  
                    i2l832 0694                      i2l824 0654                      i2l816 0618  
                    i2l834 06A8                      i2l826 0668                      i2l818 062A  
                    i2l836 06AA                      i2l828 0674                      i2l798 0722  
                    _H_ISR 0008                      _TRISB 0F93                      _TRISC 0F94  
          _set_servo_angle 06B0                      ttemp5 000C                      ttemp6 000F  
                    ttemp7 0013                      status 0FD8                      wtemp8 000C  
          __initialization 07D8               __end_of_main 07D8                     ??_main 0009  
            __activetblptr 0000                     ?_H_ISR 0001                     _CCPR1L 0FBE  
   i2set_servo_angle@angle 0001                     isa$std 0001    __end_of_set_servo_angle 0722  
             __mediumconst 0000                 __accesstop 0080    __end_of__initialization 07DC  
            ___rparam_used 0001              __end_of_H_ISR 06B0             __pcstackCOMRAM 0001  
                  ??_H_ISR 0004           ?_set_servo_angle 0006                    i2u20_40 0648  
                  i2u20_41 0644                    i2u21_40 0668                    i2u21_41 0664  
                  i2u22_40 0688                    i2u22_41 0684                    i2u15_40 0738  
                  i2u15_41 0734                    i2u16_40 0756                    i2u16_41 0752  
                  i2u24_47 0788                    i2u17_40 077A                    i2u17_41 0776  
                  i2u18_40 0612                    i2u18_41 060E                    i2u19_40 062A  
                  i2u19_41 0626                    __Hparam 0000                    __Lparam 0000  
             __psmallconst 0600                    __pcinit 07D8                    __ramtop 0600  
                  __ptext0 0794                    __ptext1 06B0                    __ptext3 0722  
                _T2CONbits 0FCA             __pintcode_body 0602       end_of_initialization 07DC  
                  int_func 0602                _CCP1CONbits 0FBD        start_initialization 07D8  
     set_servo_angle@angle 0006                __pbssCOMRAM 0009                  __pintcode 0008  
              __smallconst 0600          i2_set_servo_angle 0722         ?i2_set_servo_angle 0001  
                 __Hrparam 0000                   __Lrparam 0000        ??i2_set_servo_angle 0003  
__end_ofi2_set_servo_angle 0794          ??_set_servo_angle 0008                   isa$xinst 0000  
                 int$flags 000B                 _INTCONbits 0FF2                   intlevel2 0000  
               _OSCCONbits 0FD3  
