MPASM 5.84                          HARD.ASM   9-25-2025  12:41:11         PAGE  1


LOC  OBJECT CODE     LINE SOURCE TEXT
  VALUE

Warning[205]: Found directive in column 1. (LIST)
                      00001 LIST    P=18F4520
                      00002 #include <p18f4520.inc>
                      00001         LIST
                      00002 
                      00003 ;==========================================================================
                      00004 ; Build date : Mar 17 2019
                      00005 ;  MPASM PIC18F4520 processor include
                      00006 ; 
                      00007 ;  (c) Copyright 1999-2019 Microchip Technology, All rights reserved
                      00008 ;==========================================================================
                      00009 
                      01489         LIST
Warning[205]: Found directive in column 1. (CONFIG)
                      00003 CONFIG OSC = INTIO67
Warning[205]: Found directive in column 1. (CONFIG)
                      00004 CONFIG WDT = OFF
Warning[205]: Found directive in column 1. (ORG)
                      00005 ORG 0x00
                      00006 
  00000310            00007 input   EQU 0x310 ; input array base address'
  00000320            00008 output  EQU 0x320 ; output array base address (8byte)
  00000330            00009 flag    EQU 0x330 ; flag array(mark used elements)
                      00010 
                      00011 ;temporary register
  00000020            00012 temp0   EQU 0x20
  00000021            00013 temp1   EQU 0x21
  00000022            00014 temp2   EQU 0x22
  00000023            00015 temp3   EQU 0x23
  00000024            00016 idx     EQU 0x24 ; index variable
  00000025            00017 head    EQU 0x25 ; output head pointer
  00000026            00018 tail    EQU 0x26 ; output tail pointer
  00000027            00019 minval  EQU 0x27 ; currently found minimum value
  00000028            00020 minpos  EQU 0x28 ; position of current minimum
                      00021 
                      00022 ; Program Start
000000                00023 start:
                      00024     ;  Load Testcase1 data into input[0x310~0x317] 
000000 EE03 F010      00025     LFSR    0, input
000004 0EC4           00026     MOVLW   0xC4
000006 6EEE           00027     MOVWF   POSTINC0
000008 0EBB           00028     MOVLW   0xBB
00000A 6EEE           00029     MOVWF   POSTINC0
00000C 0EBB           00030     MOVLW   0xBB
00000E 6EEE           00031     MOVWF   POSTINC0
000010 0E00           00032     MOVLW   0x00
000012 6EEE           00033     MOVWF   POSTINC0
000014 0E4C           00034     MOVLW   0x4C
000016 6EEE           00035     MOVWF   POSTINC0
000018 0E8B           00036     MOVLW   0x8B
00001A 6EEE           00037     MOVWF   POSTINC0
00001C 0EBB           00038     MOVLW   0xBB
00001E 6EEE           00039     MOVWF   POSTINC0
MPASM 5.84                          HARD.ASM   9-25-2025  12:41:11         PAGE  2


LOC  OBJECT CODE     LINE SOURCE TEXT
  VALUE

000020 0E00           00040     MOVLW   0x00
000022 6EEE           00041     MOVWF   POSTINC0
                      00042 
                      00043     ;  Initialize head=0/tail=7 
000024 6A25           00044     CLRF head
000026 0E07           00045     MOVLW 0x07
000028 6E26           00046     MOVWF tail
                      00047 
                      00048     ;  Clear flag : flag[0:7] = 0
00002A EE03 F030      00049     LFSR 0, flag
00002E 0E08           00050     MOVLW 0x08
000030 6E20           00051     MOVWF temp0
000032                00052 clr_flag:
000032 6AEF           00053     CLRF INDF0
000034 2AE9           00054     INCF FSR0L, F
000036 0620           00055     DECF temp0, F
000038 E1??           00056     BNZ clr_flag
                      00057 
                      00058 ; Main Loop
00003A                00059 main_loop:
                      00060     ; if head > tail ? exit loop
00003A 5025           00061     MOVF head, W
00003C 5C26           00062     SUBWF tail, W
00003E E3??           00063     BNC main_loop_exit   ; exit loop when head > tail
                      00064     
                      00065     
                      00066     
                      00067 ;find min value
000040 0EFF           00068     MOVLW 0xFF
000042 6E27           00069     MOVWF minval
000044 6A24           00070     CLRF idx
000046                00071 find_min:
                      00072     ; check flag[idx] 
000046 0E30           00073     MOVLW   low flag
000048 2424           00074     ADDWF   idx, W
00004A 6EE1           00075     MOVWF   FSR1L
00004C 0E03           00076     MOVLW   high flag
00004E 6EE2           00077     MOVWF   FSR1H
000050 50E7           00078     MOVF    INDF1, W
000052 E1??           00079     BNZ     next_min ; skip if already used
                      00080 
                      00081     ;Loop input[idx]
000054 0E10           00082     MOVLW   low input
000056 2424           00083     ADDWF   idx, W
000058 6EE1           00084     MOVWF   FSR1L
00005A 0E03           00085     MOVLW   high input
00005C 6EE2           00086     MOVWF   FSR1H
00005E 50E7           00087     MOVF    INDF1, W
000060 6E21           00088     MOVWF   temp1
                      00089 
                      00090     ; compare with current minval
000062 5021           00091     MOVF    temp1, W
000064 5C27           00092     SUBWF   minval, W
MPASM 5.84                          HARD.ASM   9-25-2025  12:41:11         PAGE  3


LOC  OBJECT CODE     LINE SOURCE TEXT
  VALUE

000066 E3??           00093     BNC     next_min  ; if temp1 >= min value , skip 
000068 5021           00094     MOVF    temp1, W
00006A 6E27           00095     MOVWF   minval ; update new minval
00006C 5024           00096     MOVF    idx, W
00006E 6E28           00097     MOVWF   minpos ; update minpos
                      00098 
000070                00099 next_min:
000070 2A24           00100     INCF idx, F
000072 0E08           00101     MOVLW 0x08
000074 6224           00102     CPFSEQ idx
000076 EF?? F???      00103     GOTO find_min
                      00104 
                      00105     ; Mark flag[minpos] = 1
00007A 0E30           00106     MOVLW   low flag
00007C 2428           00107     ADDWF   minpos, W
00007E 6EE1           00108     MOVWF   FSR1L
000080 0E03           00109     MOVLW   high flag
000082 6EE2           00110     MOVWF   FSR1H
000084 0E01           00111     MOVLW   0x01
000086 6EE7           00112     MOVWF   INDF1
                      00113 
                      00114 ; Step 2: find partners (nibble reversed)
                      00115     ; Extract high nibble of minval -> temp0
000088 5027           00116     MOVF    minval, W
00008A 6E22           00117     MOVWF   temp2
00008C 3822           00118     SWAPF   temp2, W
00008E 0B0F           00119     ANDLW   0x0F
000090 6E20           00120     MOVWF   temp0
                      00121 
                      00122     ; Extract low nibble of  minval -> temp1
000092 5027           00123     MOVF    minval, W
000094 0B0F           00124     ANDLW   0x0F
000096 6E21           00125     MOVWF   temp1
                      00126 
                      00127     ; ready to seaech the partner
000098 6A24           00128     CLRF idx
00009A                00129 find_partner:
                      00130     ;first check the flag[idx] whether the value is being used or not
00009A 0E30           00131     MOVLW   low flag ; take out the low address from flag
                      00132     ; idx + working register(flag's low address)
                      00133     ; checkout that the the truly position of number 
00009C 2424           00134     ADDWF   idx, W 
00009E 6EE1           00135     MOVWF   FSR1L
0000A0 0E03           00136     MOVLW   high flag
0000A2 6EE2           00137     MOVWF   FSR1H
0000A4 50E7           00138     MOVF    INDF1, W
0000A6 E1??           00139     BNZ     next_partner
                      00140 
                      00141     ;Load input[idx] -> temp2 
                      00142     ;WREG will be overwritten by later operations 
                      00143     ;(SWAPF ANDLW e.t.c...)
                      00144     ;compare both nibbles with minvalue
                      00145     ;to make sure that it's partnerr can put into output
MPASM 5.84                          HARD.ASM   9-25-2025  12:41:11         PAGE  4


LOC  OBJECT CODE     LINE SOURCE TEXT
  VALUE

0000A8 0E10           00146     MOVLW   low input
0000AA 2424           00147     ADDWF   idx, W
0000AC 6EE1           00148     MOVWF   FSR1L
0000AE 0E03           00149     MOVLW   high input
0000B0 6EE2           00150     MOVWF   FSR1H
0000B2 50E7           00151     MOVF    INDF1, W
0000B4 6E22           00152     MOVWF   temp2
                      00153 
                      00154     ;check whether it partner nibble match
                      00155     ; extract high nipple of temp2 and compare with minval.low
0000B6 5022           00156     MOVF    temp2, W
0000B8 6E23           00157     MOVWF   temp3
0000BA 3823           00158     SWAPF   temp3, W ; swap nibbles , high nibbles move to low bits
0000BC 0B0F           00159     ANDLW   0x0F; mask to keep onlu low nibbles
0000BE 6221           00160     CPFSEQ  temp1 ; if temp2.high!= minvalue ->no partner
0000C0 EF?? F???      00161     GOTO    next_partner
                      00162 
0000C4 5022           00163     MOVF    temp2, W
0000C6 0B0F           00164     ANDLW   0x0F
0000C8 6220           00165     CPFSEQ  temp0
0000CA EF?? F???      00166     GOTO    next_partner
                      00167 
                      00168     ; ?? partner ? ?? flag
0000CE 0E30           00169     MOVLW   low flag
0000D0 2424           00170     ADDWF   idx, W
0000D2 6EE1           00171     MOVWF   FSR1L
0000D4 0E03           00172     MOVLW   high flag
0000D6 6EE2           00173     MOVWF   FSR1H
0000D8 0E01           00174     MOVLW   0x01
0000DA 6EE7           00175     MOVWF   INDF1
0000DC EF?? F???      00176     GOTO    found_partner
                      00177 
0000E0                00178 next_partner:
0000E0 2A24           00179     INCF idx, F
0000E2 0E08           00180     MOVLW 0x08
0000E4 6224           00181     CPFSEQ idx
0000E6 EF?? F???      00182     GOTO find_partner
0000EA EF?? F???      00183     GOTO fail_case
                      00184 
0000EE                00185 found_partner:
                      00186 ; 
                      00187 ; Step 3: ?? output
0000EE 5027           00188     MOVF    minval, W
0000F0 5C22           00189     SUBWF   temp2, W       ; W = minval - partner
0000F2 E3??           00190     BNC     partner_smaller
                      00191 
                      00192 ; ??1: minval < partner ? minval ? head, partner ? tail
0000F4 0E20           00193     MOVLW   low output
0000F6 2425           00194     ADDWF   head, W
0000F8 6EE9           00195     MOVWF   FSR0L
0000FA 0E03           00196     MOVLW   high output
0000FC 6EEA           00197     MOVWF   FSR0H
0000FE 5027           00198     MOVF    minval, W
MPASM 5.84                          HARD.ASM   9-25-2025  12:41:11         PAGE  5


LOC  OBJECT CODE     LINE SOURCE TEXT
  VALUE

000100 6EEF           00199     MOVWF   INDF0
                      00200 
000102 0E20           00201     MOVLW   low output
000104 2426           00202     ADDWF   tail, W
000106 6EE9           00203     MOVWF   FSR0L
000108 0E03           00204     MOVLW   high output
00010A 6EEA           00205     MOVWF   FSR0H
00010C 5022           00206     MOVF    temp2, W
00010E 6EEF           00207     MOVWF   INDF0
000110 EF?? F???      00208     GOTO update_pointer
                      00209 
000114                00210 partner_smaller:
                      00211 ; ??2: partner < minval ? partner ? head, minval ? tail
000114 0E20           00212     MOVLW   low output
000116 2425           00213     ADDWF   head, W
000118 6EE9           00214     MOVWF   FSR0L
00011A 0E03           00215     MOVLW   high output
00011C 6EEA           00216     MOVWF   FSR0H
00011E 5022           00217     MOVF    temp2, W
000120 6EEF           00218     MOVWF   INDF0
                      00219 
000122 0E20           00220     MOVLW   low output
000124 2426           00221     ADDWF   tail, W
000126 6EE9           00222     MOVWF   FSR0L
000128 0E03           00223     MOVLW   high output
00012A 6EEA           00224     MOVWF   FSR0H
00012C 5027           00225     MOVF    minval, W
00012E 6EEF           00226     MOVWF   INDF0
                      00227 
                      00228 
000130                00229 update_pointer:
000130 2A25           00230     INCF head, F
000132 0626           00231     DECF tail, F
000134 EF?? F???      00232     GOTO main_loop
                      00233 ; Main Loop Exit ? ???????
000138                00234 main_loop_exit:
000138 EF?? F???      00235     GOTO done
                      00236 
                      00237 ; 
                      00238 ; Fail Case
                      00239 ; 
00013C                00240 fail_case:
00013C EE03 F020      00241     LFSR 0, output
000140 0E08           00242     MOVLW 0x08
000142 6E20           00243     MOVWF temp0
000144                00244 fill_ff:
000144 0EFF           00245     MOVLW 0xFF
000146 6EEF           00246     MOVWF INDF0
000148 2AE9           00247     INCF FSR0L, F
00014A 0620           00248     DECF temp0, F
00014C E1??           00249     BNZ fill_ff
00014E EF?? F???      00250     GOTO finish
                      00251 
MPASM 5.84                          HARD.ASM   9-25-2025  12:41:11         PAGE  6


LOC  OBJECT CODE     LINE SOURCE TEXT
  VALUE

000152                00252 done:
                      00253     ; palindrome ??
000152 0000           00254     NOP
                      00255 
000154                00256 finish:
                      00257     END
MPASM 5.84                          HARD.ASM   9-25-2025  12:41:11         PAGE  7


SYMBOL TABLE
  LABEL                             VALUE 

A                                 00000000
ABDEN                             00000000
ABDOVF                            00000007
ACCESS                            00000000
ACKDT                             00000005
ACKEN                             00000004
ACKSTAT                           00000006
ACQT0                             00000003
ACQT1                             00000004
ACQT2                             00000005
ADCON0                            00000FC2
ADCON1                            00000FC1
ADCON2                            00000FC0
ADCS0                             00000000
ADCS1                             00000001
ADCS2                             00000002
ADDEN                             00000003
ADEN                              00000003
ADFM                              00000007
ADIE                              00000006
ADIF                              00000006
ADIP                              00000006
ADMSK1                            00000001
ADMSK2                            00000002
ADMSK3                            00000003
ADMSK4                            00000004
ADMSK5                            00000005
ADON                              00000000
ADRES                             00000FC3
ADRESH                            00000FC4
ADRESL                            00000FC3
AN0                               00000000
AN1                               00000001
AN10                              00000001
AN11                              00000004
AN12                              00000000
AN2                               00000002
AN3                               00000003
AN4                               00000005
AN5                               00000000
AN6                               00000001
AN7                               00000002
AN8                               00000002
AN9                               00000003
BANKED                            00000001
BAUDCON                           00000FB8
BAUDCTL                           00000FB8
BCLIE                             00000003
BCLIF                             00000003
BCLIP                             00000003
BF                                00000000
BGST                              00000005
BOR                               00000000
MPASM 5.84                          HARD.ASM   9-25-2025  12:41:11         PAGE  8


SYMBOL TABLE
  LABEL                             VALUE 

BRG16                             00000003
BRGH                              00000002
BSR                               00000FE0
C                                 00000000
C1INV                             00000004
C1OUT_CMCON                       00000006
C1OUT_PORTA                       00000004
C2INV                             00000005
C2OUT_CMCON                       00000007
C2OUT_PORTA                       00000005
CCP1                              00000002
CCP1CON                           00000FBD
CCP1IE                            00000002
CCP1IF                            00000002
CCP1IP                            00000002
CCP1M0                            00000000
CCP1M1                            00000001
CCP1M2                            00000002
CCP1M3                            00000003
CCP1X                             00000005
CCP1Y                             00000004
CCP2CON                           00000FBA
CCP2IE                            00000000
CCP2IF                            00000000
CCP2IP                            00000000
CCP2M0                            00000000
CCP2M1                            00000001
CCP2M2                            00000002
CCP2M3                            00000003
CCP2X                             00000005
CCP2Y                             00000004
CCP2_PORTB                        00000003
CCP2_PORTC                        00000001
CCPR1                             00000FBE
CCPR1H                            00000FBF
CCPR1L                            00000FBE
CCPR2                             00000FBB
CCPR2H                            00000FBC
CCPR2L                            00000FBB
CFGS                              00000006
CHS0                              00000002
CHS1                              00000003
CHS2                              00000004
CHS3                              00000005
CIS                               00000003
CK                                00000006
CKE                               00000006
CKP                               00000004
CLKI                              00000007
CLKO                              00000006
CM0                               00000000
CM1                               00000001
CM2                               00000002
MPASM 5.84                          HARD.ASM   9-25-2025  12:41:11         PAGE  9


SYMBOL TABLE
  LABEL                             VALUE 

CMCON                             00000FB4
CMIE                              00000006
CMIF                              00000006
CMIP                              00000006
CREN                              00000004
CS                                00000002
CSRC                              00000007
CVR0                              00000000
CVR1                              00000001
CVR2                              00000002
CVR3                              00000003
CVRCON                            00000FB5
CVREF                             00000002
CVREN                             00000007
CVROE                             00000006
CVRR                              00000005
CVRSS                             00000004
D                                 00000005
DC                                00000001
DC1B0                             00000004
DC1B1                             00000005
DC2B0                             00000004
DC2B1                             00000005
DDRA                              TRISA
DDRB                              TRISB
DDRC                              TRISC
DDRD                              TRISD
DDRE                              TRISE
DONE                              00000001
D_A                               00000005
D_NOT_A                           00000005
ECCP1AS                           00000FB6
ECCP1DEL                          00000FB7
ECCPAS                            00000FB6
ECCPAS0                           00000004
ECCPAS1                           00000005
ECCPAS2                           00000006
ECCPASE                           00000007
EEADR                             00000FA9
EECON1                            00000FA6
EECON2                            00000FA7
EEDATA                            00000FA8
EEIE                              00000004
EEIF                              00000004
EEIP                              00000004
EEPGD                             00000007
FAST                              00000001
FERR                              00000002
FLT0                              00000000
FLTS                              00000002
FREE                              00000004
FSR0                              00000000
FSR0H                             00000FEA
MPASM 5.84                          HARD.ASM   9-25-2025  12:41:11         PAGE 10


SYMBOL TABLE
  LABEL                             VALUE 

FSR0L                             00000FE9
FSR1                              00000001
FSR1H                             00000FE2
FSR1L                             00000FE1
FSR2                              00000002
FSR2H                             00000FDA
FSR2L                             00000FD9
GCEN                              00000007
GIE                               00000007
GIEH                              00000007
GIEL                              00000006
GIE_GIEH                          00000007
GO                                00000001
GO_DONE                           00000001
GO_NOT_DONE                       00000001
HLVDCON                           00000FD2
HLVDEN                            00000004
HLVDIE                            00000002
HLVDIF                            00000002
HLVDIN                            00000005
HLVDIP                            00000002
HLVDL0                            00000000
HLVDL1                            00000001
HLVDL2                            00000002
HLVDL3                            00000003
IBF                               00000007
IBOV                              00000005
IDLEN                             00000007
INDF0                             00000FEF
INDF1                             00000FE7
INDF2                             00000FDF
INT0                              00000000
INT0E                             00000004
INT0F                             00000001
INT0IE                            00000004
INT0IF                            00000001
INT1                              00000001
INT1E                             00000003
INT1F                             00000000
INT1IE                            00000003
INT1IF                            00000000
INT1IP                            00000006
INT1P                             00000006
INT2                              00000002
INT2E                             00000004
INT2F                             00000001
INT2IE                            00000004
INT2IF                            00000001
INT2IP                            00000007
INT2P                             00000007
INTCON                            00000FF2
INTCON2                           00000FF1
INTCON3                           00000FF0
MPASM 5.84                          HARD.ASM   9-25-2025  12:41:11         PAGE 11


SYMBOL TABLE
  LABEL                             VALUE 

INTEDG0                           00000006
INTEDG1                           00000005
INTEDG2                           00000004
INTSRC                            00000007
IOFS                              00000002
IPEN                              00000007
IPR1                              00000F9F
IPR2                              00000FA2
IRCF0                             00000004
IRCF1                             00000005
IRCF2                             00000006
IRVST                             00000005
IVRST                             00000005
KBI0                              00000004
KBI1                              00000005
KBI2                              00000006
KBI3                              00000007
LATA                              00000F89
LATA0                             00000000
LATA1                             00000001
LATA2                             00000002
LATA3                             00000003
LATA4                             00000004
LATA5                             00000005
LATA6                             00000006
LATA7                             00000007
LATB                              00000F8A
LATB0                             00000000
LATB1                             00000001
LATB2                             00000002
LATB3                             00000003
LATB4                             00000004
LATB5                             00000005
LATB6                             00000006
LATB7                             00000007
LATC                              00000F8B
LATC0                             00000000
LATC1                             00000001
LATC2                             00000002
LATC3                             00000003
LATC4                             00000004
LATC5                             00000005
LATC6                             00000006
LATC7                             00000007
LATD                              00000F8C
LATD0                             00000000
LATD1                             00000001
LATD2                             00000002
LATD3                             00000003
LATD4                             00000004
LATD5                             00000005
LATD6                             00000006
LATD7                             00000007
MPASM 5.84                          HARD.ASM   9-25-2025  12:41:11         PAGE 12


SYMBOL TABLE
  LABEL                             VALUE 

LATE                              00000F8D
LATE0                             00000000
LATE1                             00000001
LATE2                             00000002
LVDCON                            00000FD2
LVDEN                             00000004
LVDIE                             00000002
LVDIF                             00000002
LVDIN                             00000005
LVDIP                             00000002
LVDL0                             00000000
LVDL1                             00000001
LVDL2                             00000002
LVDL3                             00000003
LVV0                              00000000
LVV1                              00000001
LVV2                              00000002
LVV3                              00000003
MCLR                              00000003
N                                 00000004
NOT_A                             00000005
NOT_ADDRESS                       00000005
NOT_BOR                           00000000
NOT_CS                            00000002
NOT_DONE                          00000001
NOT_MCLR                          00000003
NOT_PD                            00000002
NOT_POR                           00000001
NOT_RBPU                          00000007
NOT_RD                            00000000
NOT_RI                            00000004
NOT_SS                            00000005
NOT_T1SYNC                        00000002
NOT_T3SYNC                        00000002
NOT_TO                            00000003
NOT_W                             00000002
NOT_WR                            00000001
NOT_WRITE                         00000002
OBF                               00000006
OERR                              00000001
OSC1                              00000007
OSC2                              00000006
OSCCON                            00000FD3
OSCFIE                            00000007
OSCFIF                            00000007
OSCFIP                            00000007
OSCTUNE                           00000F9B
OSTS                              00000003
OV                                00000003
P                                 00000004
P1A                               00000002
P1B                               00000005
P1C                               00000006
MPASM 5.84                          HARD.ASM   9-25-2025  12:41:11         PAGE 13


SYMBOL TABLE
  LABEL                             VALUE 

P1D                               00000007
P1M0                              00000006
P1M1                              00000007
PC                                00000FF9
PCFG0                             00000000
PCFG1                             00000001
PCFG2                             00000002
PCFG3                             00000003
PCL                               00000FF9
PCLATH                            00000FFA
PCLATU                            00000FFB
PD                                00000002
PDC0                              00000000
PDC1                              00000001
PDC2                              00000002
PDC3                              00000003
PDC4                              00000004
PDC5                              00000005
PDC6                              00000006
PEIE                              00000006
PEIE_GIEL                         00000006
PEN                               00000002
PGC                               00000006
PGD                               00000007
PGM                               00000005
PIE1                              00000F9D
PIE2                              00000FA0
PIR1                              00000F9E
PIR2                              00000FA1
PLLEN                             00000006
PLUSW0                            00000FEB
PLUSW1                            00000FE3
PLUSW2                            00000FDB
POR                               00000001
PORTA                             00000F80
PORTB                             00000F81
PORTC                             00000F82
PORTD                             00000F83
PORTE                             00000F84
POSTDEC0                          00000FED
POSTDEC1                          00000FE5
POSTDEC2                          00000FDD
POSTINC0                          00000FEE
POSTINC1                          00000FE6
POSTINC2                          00000FDE
PR2                               00000FCB
PREINC0                           00000FEC
PREINC1                           00000FE4
PREINC2                           00000FDC
PROD                              00000FF3
PRODH                             00000FF4
PRODL                             00000FF3
PRSEN                             00000007
MPASM 5.84                          HARD.ASM   9-25-2025  12:41:11         PAGE 14


SYMBOL TABLE
  LABEL                             VALUE 

PSA                               00000003
PSP0                              00000000
PSP1                              00000001
PSP2                              00000002
PSP3                              00000003
PSP4                              00000004
PSP5                              00000005
PSP6                              00000006
PSP7                              00000007
PSPIE                             00000007
PSPIF                             00000007
PSPIP                             00000007
PSPMODE                           00000004
PSSAC0                            00000002
PSSAC1                            00000003
PSSBD0                            00000000
PSSBD1                            00000001
PWM1CON                           00000FB7
R                                 00000002
RA0                               00000000
RA1                               00000001
RA2                               00000002
RA3                               00000003
RA4                               00000004
RA5                               00000005
RA6                               00000006
RA7                               00000007
RB0                               00000000
RB1                               00000001
RB2                               00000002
RB3                               00000003
RB4                               00000004
RB5                               00000005
RB6                               00000006
RB7                               00000007
RBIE                              00000003
RBIF                              00000000
RBIP                              00000000
RBPU                              00000007
RC0                               00000000
RC1                               00000001
RC2                               00000002
RC3                               00000003
RC4                               00000004
RC5                               00000005
RC6                               00000006
RC7                               00000007
RCEN                              00000003
RCIDL                             00000006
RCIE                              00000005
RCIF                              00000005
RCIP                              00000005
RCMT                              00000006
MPASM 5.84                          HARD.ASM   9-25-2025  12:41:11         PAGE 15


SYMBOL TABLE
  LABEL                             VALUE 

RCON                              00000FD0
RCREG                             00000FAE
RCSTA                             00000FAB
RD                                00000000
RD0                               00000000
RD1                               00000001
RD16                              00000007
RD2                               00000002
RD3                               00000003
RD4                               00000004
RD5                               00000005
RD6                               00000006
RD7                               00000007
RE0                               00000000
RE1                               00000001
RE2                               00000002
RE3                               00000003
RI                                00000004
RSEN                              00000001
RX                                00000007
RX9                               00000006
RX9D                              00000000
RXDTP                             00000005
R_NOT_W                           00000002
R_W                               00000002
S                                 00000003
SBOREN                            00000006
SCK                               00000003
SCKP                              00000004
SCL                               00000003
SCS0                              00000000
SCS1                              00000001
SDA                               00000004
SDI                               00000004
SDO                               00000005
SEN                               00000000
SENDB                             00000003
SMP                               00000007
SP0                               00000000
SP1                               00000001
SP2                               00000002
SP3                               00000003
SP4                               00000004
SPBRG                             00000FAF
SPBRGH                            00000FB0
SPEN                              00000007
SREN                              00000005
SS                                00000005
SSPADD                            00000FC8
SSPBUF                            00000FC9
SSPCON1                           00000FC6
SSPCON2                           00000FC5
SSPEN                             00000005
MPASM 5.84                          HARD.ASM   9-25-2025  12:41:11         PAGE 16


SYMBOL TABLE
  LABEL                             VALUE 

SSPIE                             00000003
SSPIF                             00000003
SSPIP                             00000003
SSPM0                             00000000
SSPM1                             00000001
SSPM2                             00000002
SSPM3                             00000003
SSPOV                             00000006
SSPSTAT                           00000FC7
STATUS                            00000FD8
STKFUL                            00000007
STKOVF                            00000007
STKPTR                            00000FFC
STKUNF                            00000006
SWDTE                             00000000
SWDTEN                            00000000
SYNC                              00000004
T016BIT                           00000006
T08BIT                            00000006
T0CKI                             00000004
T0CON                             00000FD5
T0CS                              00000005
T0IE                              00000005
T0IF                              00000002
T0PS0                             00000000
T0PS1                             00000001
T0PS2                             00000002
T0PS3                             00000003
T0SE                              00000004
T13CKI                            00000000
T1CKI                             00000000
T1CKPS0                           00000004
T1CKPS1                           00000005
T1CON                             00000FCD
T1OSCEN                           00000003
T1OSI                             00000001
T1OSO                             00000000
T1RUN                             00000006
T1SYNC                            00000002
T2CKPS0                           00000000
T2CKPS1                           00000001
T2CON                             00000FCA
T2OUTPS0                          00000003
T2OUTPS1                          00000004
T2OUTPS2                          00000005
T2OUTPS3                          00000006
T3CCP1                            00000003
T3CCP2                            00000006
T3CKPS0                           00000004
T3CKPS1                           00000005
T3CON                             00000FB1
T3SYNC                            00000002
TABLAT                            00000FF5
MPASM 5.84                          HARD.ASM   9-25-2025  12:41:11         PAGE 17


SYMBOL TABLE
  LABEL                             VALUE 

TBLPTR                            00000FF6
TBLPTRH                           00000FF7
TBLPTRL                           00000FF6
TBLPTRU                           00000FF8
TMR0                              00000FD6
TMR0H                             00000FD7
TMR0IE                            00000005
TMR0IF                            00000002
TMR0IP                            00000002
TMR0L                             00000FD6
TMR0ON                            00000007
TMR1                              00000FCE
TMR1CS                            00000001
TMR1H                             00000FCF
TMR1IE                            00000000
TMR1IF                            00000000
TMR1IP                            00000000
TMR1L                             00000FCE
TMR1ON                            00000000
TMR2                              00000FCC
TMR2IE                            00000001
TMR2IF                            00000001
TMR2IP                            00000001
TMR2ON                            00000002
TMR3                              00000FB2
TMR3CS                            00000001
TMR3H                             00000FB3
TMR3IE                            00000001
TMR3IF                            00000001
TMR3IP                            00000001
TMR3L                             00000FB2
TMR3ON                            00000000
TO                                00000003
TOS                               00000FFD
TOSH                              00000FFE
TOSL                              00000FFD
TOSU                              00000FFF
TOUTPS0                           00000003
TOUTPS1                           00000004
TOUTPS2                           00000005
TOUTPS3                           00000006
TRISA                             00000F92
TRISA0                            00000000
TRISA1                            00000001
TRISA2                            00000002
TRISA3                            00000003
TRISA4                            00000004
TRISA5                            00000005
TRISA6                            00000006
TRISA7                            00000007
TRISB                             00000F93
TRISB0                            00000000
TRISB1                            00000001
MPASM 5.84                          HARD.ASM   9-25-2025  12:41:11         PAGE 18


SYMBOL TABLE
  LABEL                             VALUE 

TRISB2                            00000002
TRISB3                            00000003
TRISB4                            00000004
TRISB5                            00000005
TRISB6                            00000006
TRISB7                            00000007
TRISC                             00000F94
TRISC0                            00000000
TRISC1                            00000001
TRISC2                            00000002
TRISC3                            00000003
TRISC4                            00000004
TRISC5                            00000005
TRISC6                            00000006
TRISC7                            00000007
TRISD                             00000F95
TRISD0                            00000000
TRISD1                            00000001
TRISD2                            00000002
TRISD3                            00000003
TRISD4                            00000004
TRISD5                            00000005
TRISD6                            00000006
TRISD7                            00000007
TRISE                             00000F96
TRISE0                            00000000
TRISE1                            00000001
TRISE2                            00000002
TRMT                              00000001
TUN0                              00000000
TUN1                              00000001
TUN2                              00000002
TUN3                              00000003
TUN4                              00000004
TX                                00000006
TX9                               00000006
TX9D                              00000000
TXCKP                             00000004
TXEN                              00000005
TXIE                              00000004
TXIF                              00000004
TXIP                              00000004
TXREG                             00000FAD
TXSTA                             00000FAC
UA                                00000001
VCFG0                             00000004
VCFG1                             00000005
VDIRMAG                           00000007
VPP                               00000003
VREFN                             00000002
VREFP                             00000003
W                                 00000000
WCOL                              00000007
MPASM 5.84                          HARD.ASM   9-25-2025  12:41:11         PAGE 19


SYMBOL TABLE
  LABEL                             VALUE 

WDTCON                            00000FD1
WR                                00000001
WREG                              00000FE8
WREN                              00000002
WRERR                             00000003
WUE                               00000001
Z                                 00000002
_BOREN_NOSLP_2L                   000000FD
_BOREN_OFF_2L                     000000F9
_BOREN_ON_2L                      000000FB
_BOREN_SBORDIS_2L                 000000FF
_BORV_0_2L                        000000E7
_BORV_1_2L                        000000EF
_BORV_2_2L                        000000F7
_BORV_3_2L                        000000FF
_CCP2MX_PORTBE_3H                 000000FE
_CCP2MX_PORTC_3H                  000000FF
_CONFIG1H                         00300001
_CONFIG2H                         00300003
_CONFIG2L                         00300002
_CONFIG3H                         00300005
_CONFIG4L                         00300006
_CONFIG5H                         00300009
_CONFIG5L                         00300008
_CONFIG6H                         0030000B
_CONFIG6L                         0030000A
_CONFIG7H                         0030000D
_CONFIG7L                         0030000C
_CP0_OFF_5L                       000000FF
_CP0_ON_5L                        000000FE
_CP1_OFF_5L                       000000FF
_CP1_ON_5L                        000000FD
_CP2_OFF_5L                       000000FF
_CP2_ON_5L                        000000FB
_CP3_OFF_5L                       000000FF
_CP3_ON_5L                        000000F7
_CPB_OFF_5H                       000000FF
_CPB_ON_5H                        000000BF
_CPD_OFF_5H                       000000FF
_CPD_ON_5H                        0000007F
_DEBUG_OFF_4L                     000000FF
_DEBUG_ON_4L                      0000007F
_DEVID1                           003FFFFE
_DEVID2                           003FFFFF
_EBTR0_OFF_7L                     000000FF
_EBTR0_ON_7L                      000000FE
_EBTR1_OFF_7L                     000000FF
_EBTR1_ON_7L                      000000FD
_EBTR2_OFF_7L                     000000FF
_EBTR2_ON_7L                      000000FB
_EBTR3_OFF_7L                     000000FF
_EBTR3_ON_7L                      000000F7
_EBTRB_OFF_7H                     000000FF
MPASM 5.84                          HARD.ASM   9-25-2025  12:41:11         PAGE 20


SYMBOL TABLE
  LABEL                             VALUE 

_EBTRB_ON_7H                      000000BF
_FCMEN_OFF_1H                     000000BF
_FCMEN_ON_1H                      000000FF
_IDLOC0                           00200000
_IDLOC1                           00200001
_IDLOC2                           00200002
_IDLOC3                           00200003
_IDLOC4                           00200004
_IDLOC5                           00200005
_IDLOC6                           00200006
_IDLOC7                           00200007
_IESO_OFF_1H                      0000007F
_IESO_ON_1H                       000000FF
_LPT1OSC_OFF_3H                   000000FB
_LPT1OSC_ON_3H                    000000FF
_LVP_OFF_4L                       000000FB
_LVP_ON_4L                        000000FF
_MCLRE_OFF_3H                     0000007F
_MCLRE_ON_3H                      000000FF
_OSC_ECIO6_1H                     000000F5
_OSC_EC_1H                        000000F4
_OSC_HSPLL_1H                     000000F6
_OSC_HS_1H                        000000F2
_OSC_INTIO67_1H                   000000F8
_OSC_INTIO7_1H                    000000F9
_OSC_LP_1H                        000000F0
_OSC_RCIO6_1H                     000000F7
_OSC_RC_1H                        000000F3
_OSC_XT_1H                        000000F1
_PBADEN_OFF_3H                    000000FD
_PBADEN_ON_3H                     000000FF
_PWRT_OFF_2L                      000000FF
_PWRT_ON_2L                       000000FE
_STVREN_OFF_4L                    000000FE
_STVREN_ON_4L                     000000FF
_WDTPS_1024_2H                    000000F5
_WDTPS_128_2H                     000000EF
_WDTPS_16384_2H                   000000FD
_WDTPS_16_2H                      000000E9
_WDTPS_1_2H                       000000E1
_WDTPS_2048_2H                    000000F7
_WDTPS_256_2H                     000000F1
_WDTPS_2_2H                       000000E3
_WDTPS_32768_2H                   000000FF
_WDTPS_32_2H                      000000EB
_WDTPS_4096_2H                    000000F9
_WDTPS_4_2H                       000000E5
_WDTPS_512_2H                     000000F3
_WDTPS_64_2H                      000000ED
_WDTPS_8192_2H                    000000FB
_WDTPS_8_2H                       000000E7
_WDT_OFF_2H                       000000FE
_WDT_ON_2H                        000000FF
MPASM 5.84                          HARD.ASM   9-25-2025  12:41:11         PAGE 21


SYMBOL TABLE
  LABEL                             VALUE 

_WRT0_OFF_6L                      000000FF
_WRT0_ON_6L                       000000FE
_WRT1_OFF_6L                      000000FF
_WRT1_ON_6L                       000000FD
_WRT2_OFF_6L                      000000FF
_WRT2_ON_6L                       000000FB
_WRT3_OFF_6L                      000000FF
_WRT3_ON_6L                       000000F7
_WRTB_OFF_6H                      000000FF
_WRTB_ON_6H                       000000BF
_WRTC_OFF_6H                      000000FF
_WRTC_ON_6H                       000000DF
_WRTD_OFF_6H                      000000FF
_WRTD_ON_6H                       0000007F
_XINST_OFF_4L                     000000BF
_XINST_ON_4L                      000000FF
__18F4520                         00000001
__DEBUG                           
__MPLAB_DEBUGGER_SIMULATOR        1
clr_flag                          00000032
done                              00000152
fail_case                         0000013C
fill_ff                           00000144
find_min                          00000046
find_partner                      0000009A
finish                            00000154
flag                              00000330
found_partner                     000000EE
head                              00000025
idx                               00000024
input                             00000310
main_loop                         0000003A
main_loop_exit                    00000138
minpos                            00000028
minval                            00000027
next_min                          00000070
next_partner                      000000E0
output                            00000320
partner_smaller                   00000114
start                             00000000
tail                              00000026
temp0                             00000020
temp1                             00000021
temp2                             00000022
temp3                             00000023
update_pointer                    00000130

Errors   :     0
Warnings :     4 reported,     0 suppressed
Messages :     0 reported,     0 suppressed

